{"/home/travis/build/npmtest/node-npmtest-prom-client/test.js":{"path":"/home/travis/build/npmtest/node-npmtest-prom-client/test.js","s":{"1":2,"2":2,"3":2,"4":2,"5":2,"6":2,"7":2,"8":1,"9":2,"10":2,"11":1,"12":1,"13":1,"14":1,"15":2,"16":2,"17":2,"18":2,"19":1,"20":1,"21":2,"22":2,"23":2,"24":1,"25":1,"26":1,"27":1,"28":1,"29":1,"30":1,"31":1,"32":1,"33":1,"34":1,"35":1,"36":1,"37":1,"38":1,"39":2,"40":2,"41":1,"42":2,"43":2,"44":1,"45":2,"46":2,"47":1,"48":2,"49":2,"50":1,"51":1,"52":1,"53":1,"54":1},"b":{"1":[2,1,1,1],"2":[1,1,1,1],"3":[1,1],"4":[1,1],"5":[1,1],"6":[1,1],"7":[1,1],"8":[1,1],"9":[1,1],"10":[1,1,1],"11":[1,1],"12":[1,1],"13":[1,1],"14":[1,1],"15":[1,1],"16":[1,1],"17":[1,1]},"f":{"1":2,"2":2,"3":2,"4":2,"5":2,"6":1,"7":1,"8":1,"9":2,"10":2,"11":2,"12":2,"13":1},"fnMap":{"1":{"name":"(anonymous_1)","line":12,"loc":{"start":{"line":12,"column":1},"end":{"line":12,"column":13}}},"2":{"name":"(anonymous_2)","line":19,"loc":{"start":{"line":19,"column":5},"end":{"line":19,"column":17}}},"3":{"name":"(anonymous_3)","line":23,"loc":{"start":{"line":23,"column":24},"end":{"line":23,"column":36}}},"4":{"name":"(anonymous_4)","line":61,"loc":{"start":{"line":61,"column":5},"end":{"line":61,"column":17}}},"5":{"name":"(anonymous_5)","line":82,"loc":{"start":{"line":82,"column":5},"end":{"line":82,"column":17}}},"6":{"name":"(anonymous_6)","line":91,"loc":{"start":{"line":91,"column":77},"end":{"line":94,"column":10}}},"7":{"name":"(anonymous_7)","line":112,"loc":{"start":{"line":112,"column":83},"end":{"line":115,"column":10}},"skip":true},"8":{"name":"(anonymous_8)","line":123,"loc":{"start":{"line":123,"column":77},"end":{"line":126,"column":10}},"skip":true},"9":{"name":"(anonymous_9)","line":139,"loc":{"start":{"line":139,"column":12},"end":{"line":139,"column":40}},"skip":true},"10":{"name":"(anonymous_10)","line":147,"loc":{"start":{"line":147,"column":77},"end":{"line":150,"column":10}},"skip":true},"11":{"name":"(anonymous_11)","line":158,"loc":{"start":{"line":158,"column":83},"end":{"line":161,"column":10}},"skip":true},"12":{"name":"(anonymous_12)","line":169,"loc":{"start":{"line":169,"column":79},"end":{"line":172,"column":10}},"skip":true},"13":{"name":"(anonymous_13)","line":180,"loc":{"start":{"line":180,"column":75},"end":{"line":183,"column":10}},"skip":true}},"statementMap":{"1":{"start":{"line":12,"column":0},"end":{"line":195,"column":5}},"2":{"start":{"line":14,"column":4},"end":{"line":14,"column":14}},"3":{"start":{"line":19,"column":4},"end":{"line":56,"column":9}},"4":{"start":{"line":21,"column":8},"end":{"line":21,"column":19}},"5":{"start":{"line":23,"column":8},"end":{"line":35,"column":13}},"6":{"start":{"line":24,"column":12},"end":{"line":34,"column":13}},"7":{"start":{"line":25,"column":16},"end":{"line":28,"column":30}},"8":{"start":{"line":30,"column":16},"end":{"line":33,"column":27}},"9":{"start":{"line":37,"column":8},"end":{"line":39,"column":21}},"10":{"start":{"line":40,"column":8},"end":{"line":53,"column":9}},"11":{"start":{"line":43,"column":12},"end":{"line":46,"column":14}},"12":{"start":{"line":47,"column":12},"end":{"line":47,"column":18}},"13":{"start":{"line":50,"column":12},"end":{"line":51,"column":33}},"14":{"start":{"line":52,"column":12},"end":{"line":52,"column":18}},"15":{"start":{"line":55,"column":8},"end":{"line":55,"column":35}},"16":{"start":{"line":61,"column":4},"end":{"line":63,"column":9}},"17":{"start":{"line":62,"column":8},"end":{"line":62,"column":15}},"18":{"start":{"line":64,"column":4},"end":{"line":77,"column":5}},"19":{"start":{"line":70,"column":8},"end":{"line":70,"column":14}},"20":{"start":{"line":76,"column":8},"end":{"line":76,"column":14}},"21":{"start":{"line":82,"column":4},"end":{"line":84,"column":9}},"22":{"start":{"line":83,"column":8},"end":{"line":83,"column":15}},"23":{"start":{"line":85,"column":4},"end":{"line":194,"column":5}},"24":{"start":{"line":91,"column":8},"end":{"line":99,"column":10}},"25":{"start":{"line":98,"column":12},"end":{"line":98,"column":35}},"26":{"start":{"line":102,"column":8},"end":{"line":104,"column":63}},"27":{"start":{"line":105,"column":8},"end":{"line":105,"column":14}},"28":{"start":{"line":112,"column":8},"end":{"line":121,"column":10},"skip":true},"29":{"start":{"line":119,"column":12},"end":{"line":119,"column":55},"skip":true},"30":{"start":{"line":120,"column":12},"end":{"line":120,"column":48},"skip":true},"31":{"start":{"line":123,"column":8},"end":{"line":136,"column":10},"skip":true},"32":{"start":{"line":130,"column":12},"end":{"line":130,"column":76},"skip":true},"33":{"start":{"line":131,"column":12},"end":{"line":131,"column":73},"skip":true},"34":{"start":{"line":132,"column":12},"end":{"line":132,"column":74},"skip":true},"35":{"start":{"line":133,"column":12},"end":{"line":133,"column":79},"skip":true},"36":{"start":{"line":134,"column":12},"end":{"line":134,"column":25},"skip":true},"37":{"start":{"line":135,"column":12},"end":{"line":135,"column":45},"skip":true},"38":{"start":{"line":138,"column":8},"end":{"line":145,"column":14},"skip":true},"39":{"start":{"line":143,"column":16},"end":{"line":143,"column":29},"skip":true},"40":{"start":{"line":144,"column":16},"end":{"line":144,"column":55},"skip":true},"41":{"start":{"line":147,"column":8},"end":{"line":156,"column":10},"skip":true},"42":{"start":{"line":154,"column":12},"end":{"line":154,"column":25},"skip":true},"43":{"start":{"line":155,"column":12},"end":{"line":155,"column":45},"skip":true},"44":{"start":{"line":158,"column":8},"end":{"line":167,"column":10},"skip":true},"45":{"start":{"line":165,"column":12},"end":{"line":165,"column":25},"skip":true},"46":{"start":{"line":166,"column":12},"end":{"line":166,"column":48},"skip":true},"47":{"start":{"line":169,"column":8},"end":{"line":178,"column":10},"skip":true},"48":{"start":{"line":176,"column":12},"end":{"line":176,"column":25},"skip":true},"49":{"start":{"line":177,"column":12},"end":{"line":177,"column":46},"skip":true},"50":{"start":{"line":180,"column":8},"end":{"line":189,"column":10},"skip":true},"51":{"start":{"line":187,"column":12},"end":{"line":187,"column":94},"skip":true},"52":{"start":{"line":188,"column":12},"end":{"line":188,"column":48},"skip":true},"53":{"start":{"line":192,"column":8},"end":{"line":192,"column":35},"skip":true},"54":{"start":{"line":193,"column":8},"end":{"line":193,"column":14},"skip":true}},"branchMap":{"1":{"line":25,"type":"binary-expr","locations":[{"start":{"line":25,"column":23},"end":{"line":25,"column":62}},{"start":{"line":26,"column":20},"end":{"line":26,"column":70}},{"start":{"line":27,"column":20},"end":{"line":27,"column":71}},{"start":{"line":28,"column":20},"end":{"line":28,"column":29}}]},"2":{"line":30,"type":"binary-expr","locations":[{"start":{"line":30,"column":23},"end":{"line":30,"column":37}},{"start":{"line":31,"column":20},"end":{"line":31,"column":61}},{"start":{"line":32,"column":20},"end":{"line":32,"column":70}},{"start":{"line":33,"column":20},"end":{"line":33,"column":26}}]},"3":{"line":37,"type":"cond-expr","locations":[{"start":{"line":38,"column":14},"end":{"line":38,"column":20}},{"start":{"line":39,"column":14},"end":{"line":39,"column":20}}]},"4":{"line":40,"type":"switch","locations":[{"start":{"line":42,"column":8},"end":{"line":47,"column":18}},{"start":{"line":49,"column":8},"end":{"line":52,"column":18}}]},"5":{"line":44,"type":"binary-expr","locations":[{"start":{"line":44,"column":16},"end":{"line":44,"column":44}},{"start":{"line":44,"column":48},"end":{"line":44,"column":66}}]},"6":{"line":50,"type":"binary-expr","locations":[{"start":{"line":50,"column":21},"end":{"line":50,"column":49}},{"start":{"line":50,"column":53},"end":{"line":50,"column":72}}]},"7":{"line":64,"type":"switch","locations":[{"start":{"line":69,"column":4},"end":{"line":70,"column":14}},{"start":{"line":75,"column":4},"end":{"line":76,"column":14}}]},"8":{"line":85,"type":"switch","locations":[{"start":{"line":90,"column":4},"end":{"line":105,"column":14}},{"start":{"line":111,"column":4},"end":{"line":193,"column":14},"skip":true}]},"9":{"line":91,"type":"binary-expr","locations":[{"start":{"line":91,"column":42},"end":{"line":91,"column":73}},{"start":{"line":91,"column":77},"end":{"line":99,"column":9}}]},"10":{"line":102,"type":"binary-expr","locations":[{"start":{"line":102,"column":18},"end":{"line":102,"column":32}},{"start":{"line":103,"column":12},"end":{"line":103,"column":53}},{"start":{"line":104,"column":12},"end":{"line":104,"column":61}}]},"11":{"line":112,"type":"binary-expr","locations":[{"start":{"line":112,"column":45},"end":{"line":112,"column":79},"skip":true},{"start":{"line":112,"column":83},"end":{"line":121,"column":9},"skip":true}]},"12":{"line":123,"type":"binary-expr","locations":[{"start":{"line":123,"column":42},"end":{"line":123,"column":73},"skip":true},{"start":{"line":123,"column":77},"end":{"line":136,"column":9},"skip":true}]},"13":{"line":138,"type":"binary-expr","locations":[{"start":{"line":138,"column":48},"end":{"line":138,"column":85},"skip":true},{"start":{"line":139,"column":12},"end":{"line":145,"column":13},"skip":true}]},"14":{"line":147,"type":"binary-expr","locations":[{"start":{"line":147,"column":42},"end":{"line":147,"column":73},"skip":true},{"start":{"line":147,"column":77},"end":{"line":156,"column":9},"skip":true}]},"15":{"line":158,"type":"binary-expr","locations":[{"start":{"line":158,"column":45},"end":{"line":158,"column":79},"skip":true},{"start":{"line":158,"column":83},"end":{"line":167,"column":9},"skip":true}]},"16":{"line":169,"type":"binary-expr","locations":[{"start":{"line":169,"column":43},"end":{"line":169,"column":75},"skip":true},{"start":{"line":169,"column":79},"end":{"line":178,"column":9},"skip":true}]},"17":{"line":180,"type":"binary-expr","locations":[{"start":{"line":180,"column":41},"end":{"line":180,"column":71},"skip":true},{"start":{"line":180,"column":75},"end":{"line":189,"column":9},"skip":true}]}},"code":["/* istanbul instrument in package npmtest_prom_client */","/*jslint","    bitwise: true,","    browser: true,","    maxerr: 8,","    maxlen: 96,","    node: true,","    nomen: true,","    regexp: true,","    stupid: true","*/","(function () {","    'use strict';","    var local;","","","","    // run shared js-env code - pre-init","    (function () {","        // init local","        local = {};","        // init modeJs","        local.modeJs = (function () {","            try {","                return typeof navigator.userAgent === 'string' &&","                    typeof document.querySelector('body') === 'object' &&","                    typeof XMLHttpRequest.prototype.open === 'function' &&","                    'browser';","            } catch (errorCaughtBrowser) {","                return module.exports &&","                    typeof process.versions.node === 'string' &&","                    typeof require('http').createServer === 'function' &&","                    'node';","            }","        }());","        // init global","        local.global = local.modeJs === 'browser'","            ? window","            : global;","        switch (local.modeJs) {","        // re-init local from window.local","        case 'browser':","            local = local.global.utility2.objectSetDefault(","                local.global.utility2_rollup || local.global.local,","                local.global.utility2","            );","            break;","        // re-init local from example.js","        case 'node':","            local = (local.global.utility2_rollup || require('utility2'))","                .requireReadme();","            break;","        }","        // export local","        local.global.local = local;","    }());","","","","    // run shared js-env code - function","    (function () {","        return;","    }());","    switch (local.modeJs) {","","","","    // run browser js-env code - function","    case 'browser':","        break;","","","","    // run node js-env code - function","    case 'node':","        break;","    }","","","","    // run shared js-env code - post-init","    (function () {","        return;","    }());","    switch (local.modeJs) {","","","","    // run browser js-env code - post-init","    case 'browser':","        local.testCase_browser_nullCase = local.testCase_browser_nullCase || function (","            options,","            onError","        ) {","        /*","         * this function will test browsers's null-case handling-behavior-behavior","         */","            onError(null, options);","        };","","        // run tests","        local.nop(local.modeTest &&","            document.querySelector('#testRunButton1') &&","            document.querySelector('#testRunButton1').click());","        break;","","","","    // run node js-env code - post-init","    /* istanbul ignore next */","    case 'node':","        local.testCase_buildApidoc_default = local.testCase_buildApidoc_default || function (","            options,","            onError","        ) {","        /*","         * this function will test buildApidoc's default handling-behavior-behavior","         */","            options = { modulePathList: module.paths };","            local.buildApidoc(options, onError);","        };","","        local.testCase_buildApp_default = local.testCase_buildApp_default || function (","            options,","            onError","        ) {","        /*","         * this function will test buildApp's default handling-behavior-behavior","         */","            local.testCase_buildReadme_default(options, local.onErrorThrow);","            local.testCase_buildLib_default(options, local.onErrorThrow);","            local.testCase_buildTest_default(options, local.onErrorThrow);","            local.testCase_buildCustomOrg_default(options, local.onErrorThrow);","            options = [];","            local.buildApp(options, onError);","        };","","        local.testCase_buildCustomOrg_default = local.testCase_buildCustomOrg_default ||","            function (options, onError) {","            /*","             * this function will test buildCustomOrg's default handling-behavior","             */","                options = {};","                local.buildCustomOrg(options, onError);","            };","","        local.testCase_buildLib_default = local.testCase_buildLib_default || function (","            options,","            onError","        ) {","        /*","         * this function will test buildLib's default handling-behavior","         */","            options = {};","            local.buildLib(options, onError);","        };","","        local.testCase_buildReadme_default = local.testCase_buildReadme_default || function (","            options,","            onError","        ) {","        /*","         * this function will test buildReadme's default handling-behavior-behavior","         */","            options = {};","            local.buildReadme(options, onError);","        };","","        local.testCase_buildTest_default = local.testCase_buildTest_default || function (","            options,","            onError","        ) {","        /*","         * this function will test buildTest's default handling-behavior","         */","            options = {};","            local.buildTest(options, onError);","        };","","        local.testCase_webpage_default = local.testCase_webpage_default || function (","            options,","            onError","        ) {","        /*","         * this function will test webpage's default handling-behavior","         */","            options = { modeCoverageMerge: true, url: local.serverLocalHost + '?modeTest=1' };","            local.browserTest(options, onError);","        };","","        // run test-server","        local.testRunServer(local);","        break;","    }","}());",""],"l":{"12":2,"14":2,"19":2,"21":2,"23":2,"24":2,"25":2,"30":1,"37":2,"40":2,"43":1,"47":1,"50":1,"52":1,"55":2,"61":2,"62":2,"64":2,"70":1,"76":1,"82":2,"83":2,"85":2,"91":1,"98":1,"102":1,"105":1,"112":1,"119":1,"120":1,"123":1,"130":1,"131":1,"132":1,"133":1,"134":1,"135":1,"138":1,"143":2,"144":2,"147":1,"154":2,"155":2,"158":1,"165":2,"166":2,"169":1,"176":2,"177":2,"180":1,"187":1,"188":1,"192":1,"193":1}},"/home/travis/build/npmtest/node-npmtest-prom-client/lib.npmtest_prom_client.js":{"path":"/home/travis/build/npmtest/node-npmtest-prom-client/lib.npmtest_prom_client.js","s":{"1":2,"2":2,"3":2,"4":2,"5":2,"6":2,"7":2,"8":1,"9":2,"10":2,"11":2,"12":2,"13":1,"14":1,"15":1,"16":1},"b":{"1":[2,1,1,1],"2":[1,1,1,1],"3":[1,1],"4":[2,2],"5":[1,1]},"f":{"1":2,"2":2,"3":2},"fnMap":{"1":{"name":"(anonymous_1)","line":12,"loc":{"start":{"line":12,"column":1},"end":{"line":12,"column":13}}},"2":{"name":"(anonymous_2)","line":19,"loc":{"start":{"line":19,"column":5},"end":{"line":19,"column":17}}},"3":{"name":"(anonymous_3)","line":23,"loc":{"start":{"line":23,"column":24},"end":{"line":23,"column":36}}}},"statementMap":{"1":{"start":{"line":12,"column":0},"end":{"line":53,"column":5}},"2":{"start":{"line":14,"column":4},"end":{"line":14,"column":14}},"3":{"start":{"line":19,"column":4},"end":{"line":52,"column":9}},"4":{"start":{"line":21,"column":8},"end":{"line":21,"column":19}},"5":{"start":{"line":23,"column":8},"end":{"line":35,"column":13}},"6":{"start":{"line":24,"column":12},"end":{"line":34,"column":13}},"7":{"start":{"line":25,"column":16},"end":{"line":28,"column":30}},"8":{"start":{"line":30,"column":16},"end":{"line":33,"column":27}},"9":{"start":{"line":37,"column":8},"end":{"line":39,"column":21}},"10":{"start":{"line":41,"column":8},"end":{"line":41,"column":54}},"11":{"start":{"line":43,"column":8},"end":{"line":43,"column":56}},"12":{"start":{"line":45,"column":8},"end":{"line":51,"column":9}},"13":{"start":{"line":46,"column":12},"end":{"line":46,"column":62}},"14":{"start":{"line":48,"column":12},"end":{"line":48,"column":35}},"15":{"start":{"line":49,"column":12},"end":{"line":49,"column":49}},"16":{"start":{"line":50,"column":12},"end":{"line":50,"column":43}}},"branchMap":{"1":{"line":25,"type":"binary-expr","locations":[{"start":{"line":25,"column":23},"end":{"line":25,"column":62}},{"start":{"line":26,"column":20},"end":{"line":26,"column":70}},{"start":{"line":27,"column":20},"end":{"line":27,"column":71}},{"start":{"line":28,"column":20},"end":{"line":28,"column":29}}]},"2":{"line":30,"type":"binary-expr","locations":[{"start":{"line":30,"column":23},"end":{"line":30,"column":37}},{"start":{"line":31,"column":20},"end":{"line":31,"column":61}},{"start":{"line":32,"column":20},"end":{"line":32,"column":70}},{"start":{"line":33,"column":20},"end":{"line":33,"column":26}}]},"3":{"line":37,"type":"cond-expr","locations":[{"start":{"line":38,"column":14},"end":{"line":38,"column":20}},{"start":{"line":39,"column":14},"end":{"line":39,"column":20}}]},"4":{"line":41,"type":"binary-expr","locations":[{"start":{"line":41,"column":16},"end":{"line":41,"column":44}},{"start":{"line":41,"column":48},"end":{"line":41,"column":53}}]},"5":{"line":45,"type":"if","locations":[{"start":{"line":45,"column":8},"end":{"line":45,"column":8}},{"start":{"line":45,"column":8},"end":{"line":45,"column":8}}]}},"code":["/* istanbul instrument in package npmtest_prom_client */","/*jslint","    bitwise: true,","    browser: true,","    maxerr: 8,","    maxlen: 96,","    node: true,","    nomen: true,","    regexp: true,","    stupid: true","*/","(function () {","    'use strict';","    var local;","","","","    // run shared js-env code - pre-init","    (function () {","        // init local","        local = {};","        // init modeJs","        local.modeJs = (function () {","            try {","                return typeof navigator.userAgent === 'string' &&","                    typeof document.querySelector('body') === 'object' &&","                    typeof XMLHttpRequest.prototype.open === 'function' &&","                    'browser';","            } catch (errorCaughtBrowser) {","                return module.exports &&","                    typeof process.versions.node === 'string' &&","                    typeof require('http').createServer === 'function' &&","                    'node';","            }","        }());","        // init global","        local.global = local.modeJs === 'browser'","            ? window","            : global;","        // init utility2_rollup","        local = local.global.utility2_rollup || local;","        // init lib","        local.local = local.npmtest_prom_client = local;","        // init exports","        if (local.modeJs === 'browser') {","            local.global.utility2_npmtest_prom_client = local;","        } else {","            module.exports = local;","            module.exports.__dirname = __dirname;","            module.exports.module = module;","        }","    }());","}());",""],"l":{"12":2,"14":2,"19":2,"21":2,"23":2,"24":2,"25":2,"30":1,"37":2,"41":2,"43":2,"45":2,"46":1,"48":1,"49":1,"50":1}},"/home/travis/build/npmtest/node-npmtest-prom-client/example.js":{"path":"/home/travis/build/npmtest/node-npmtest-prom-client/example.js","s":{"1":2,"2":2,"3":2,"4":2,"5":2,"6":2,"7":2,"8":1,"9":2,"10":2,"11":2,"12":2,"13":1,"14":2,"15":2,"16":2,"17":2,"18":2,"19":0,"20":2,"21":1,"22":1,"23":1,"24":1,"25":1,"26":0,"27":0,"28":1,"29":1,"30":2,"31":0,"32":0,"33":0,"34":1,"35":2,"36":2,"37":3,"38":3,"39":3,"40":3,"41":0,"42":3,"43":3,"44":3,"45":1,"46":3,"47":1,"48":1,"49":1,"50":1,"51":1,"52":1,"53":1,"54":1,"55":1,"56":1,"57":0,"58":1,"59":6,"60":6,"61":1,"62":2,"63":0,"64":2,"65":1,"66":1,"67":0,"68":0,"69":0,"70":0,"71":0,"72":0,"73":0,"74":0,"75":0,"76":0,"77":0,"78":0,"79":0,"80":0,"81":0,"82":0,"83":0},"b":{"1":[2,1,1,1],"2":[1,1,1,1],"3":[1,1],"4":[2,2],"5":[1,1],"6":[1,1],"7":[2,0],"8":[2,1,1,1,1,1],"9":[0,2,0],"10":[1,1],"11":[2,1,1],"12":[1,0],"13":[0,2],"14":[2,0,0,0,0,0,0],"15":[0,3],"16":[3,0],"17":[1,1],"18":[0,1],"19":[1,2,0,2],"20":[1,0],"21":[1,1],"22":[0,0],"23":[0,0],"24":[0,0],"25":[0,0],"26":[0,0],"27":[0,0],"28":[0,0]},"f":{"1":2,"2":2,"3":2,"4":2,"5":2,"6":2,"7":3,"8":3,"9":3,"10":1,"11":6,"12":0},"fnMap":{"1":{"name":"(anonymous_1)","line":26,"loc":{"start":{"line":26,"column":1},"end":{"line":26,"column":13}}},"2":{"name":"(anonymous_2)","line":33,"loc":{"start":{"line":33,"column":5},"end":{"line":33,"column":17}}},"3":{"name":"(anonymous_3)","line":37,"loc":{"start":{"line":37,"column":24},"end":{"line":37,"column":36}}},"4":{"name":"(anonymous_4)","line":69,"loc":{"start":{"line":69,"column":31},"end":{"line":69,"column":48}},"skip":true},"5":{"name":"(anonymous_5)","line":78,"loc":{"start":{"line":78,"column":26},"end":{"line":78,"column":45}},"skip":true},"6":{"name":"(anonymous_6)","line":123,"loc":{"start":{"line":123,"column":33},"end":{"line":123,"column":48}},"skip":true},"7":{"name":"(anonymous_7)","line":125,"loc":{"start":{"line":125,"column":27},"end":{"line":125,"column":39}},"skip":true},"8":{"name":"(anonymous_8)","line":133,"loc":{"start":{"line":133,"column":59},"end":{"line":133,"column":74}},"skip":true},"9":{"name":"(anonymous_9)","line":143,"loc":{"start":{"line":143,"column":45},"end":{"line":143,"column":62}},"skip":true},"10":{"name":"(anonymous_10)","line":144,"loc":{"start":{"line":144,"column":73},"end":{"line":144,"column":92}},"skip":true},"11":{"name":"(anonymous_11)","line":272,"loc":{"start":{"line":272,"column":51},"end":{"line":272,"column":77}},"skip":true},"12":{"name":"(anonymous_12)","line":315,"loc":{"start":{"line":315,"column":32},"end":{"line":315,"column":61}},"skip":true}},"statementMap":{"1":{"start":{"line":26,"column":0},"end":{"line":326,"column":5}},"2":{"start":{"line":28,"column":4},"end":{"line":28,"column":14}},"3":{"start":{"line":33,"column":4},"end":{"line":60,"column":9}},"4":{"start":{"line":35,"column":8},"end":{"line":35,"column":19}},"5":{"start":{"line":37,"column":8},"end":{"line":49,"column":13}},"6":{"start":{"line":38,"column":12},"end":{"line":48,"column":13}},"7":{"start":{"line":39,"column":16},"end":{"line":42,"column":30}},"8":{"start":{"line":44,"column":16},"end":{"line":47,"column":27}},"9":{"start":{"line":51,"column":8},"end":{"line":53,"column":21}},"10":{"start":{"line":55,"column":8},"end":{"line":57,"column":45}},"11":{"start":{"line":59,"column":8},"end":{"line":59,"column":35}},"12":{"start":{"line":61,"column":4},"end":{"line":325,"column":5}},"13":{"start":{"line":69,"column":8},"end":{"line":121,"column":10},"skip":true},"14":{"start":{"line":70,"column":12},"end":{"line":88,"column":13},"skip":true},"15":{"start":{"line":76,"column":16},"end":{"line":87,"column":19},"skip":true},"16":{"start":{"line":79,"column":20},"end":{"line":86,"column":21},"skip":true},"17":{"start":{"line":82,"column":24},"end":{"line":82,"column":43},"skip":true},"18":{"start":{"line":83,"column":24},"end":{"line":83,"column":30},"skip":true},"19":{"start":{"line":85,"column":24},"end":{"line":85,"column":49},"skip":true},"20":{"start":{"line":89,"column":12},"end":{"line":107,"column":13},"skip":true},"21":{"start":{"line":92,"column":16},"end":{"line":102,"column":17},"skip":true},"22":{"start":{"line":93,"column":20},"end":{"line":93,"column":86},"skip":true},"23":{"start":{"line":94,"column":20},"end":{"line":95,"column":45},"skip":true},"24":{"start":{"line":96,"column":20},"end":{"line":96,"column":42},"skip":true},"25":{"start":{"line":97,"column":20},"end":{"line":97,"column":48},"skip":true},"26":{"start":{"line":100,"column":20},"end":{"line":100,"column":85},"skip":true},"27":{"start":{"line":101,"column":20},"end":{"line":101,"column":96},"skip":true},"28":{"start":{"line":103,"column":16},"end":{"line":103,"column":22},"skip":true},"29":{"start":{"line":106,"column":16},"end":{"line":106,"column":22},"skip":true},"30":{"start":{"line":108,"column":12},"end":{"line":120,"column":13},"skip":true},"31":{"start":{"line":114,"column":16},"end":{"line":119,"column":17},"skip":true},"32":{"start":{"line":116,"column":20},"end":{"line":116,"column":78},"skip":true},"33":{"start":{"line":118,"column":20},"end":{"line":118,"column":47},"skip":true},"34":{"start":{"line":123,"column":8},"end":{"line":141,"column":11},"skip":true},"35":{"start":{"line":124,"column":12},"end":{"line":124,"column":54},"skip":true},"36":{"start":{"line":125,"column":12},"end":{"line":140,"column":14},"skip":true},"37":{"start":{"line":126,"column":16},"end":{"line":126,"column":28},"skip":true},"38":{"start":{"line":127,"column":16},"end":{"line":127,"column":69},"skip":true},"39":{"start":{"line":128,"column":16},"end":{"line":128,"column":75},"skip":true},"40":{"start":{"line":129,"column":16},"end":{"line":131,"column":17},"skip":true},"41":{"start":{"line":130,"column":20},"end":{"line":130,"column":27},"skip":true},"42":{"start":{"line":133,"column":16},"end":{"line":137,"column":36},"skip":true},"43":{"start":{"line":134,"column":20},"end":{"line":136,"column":55},"skip":true},"44":{"start":{"line":139,"column":16},"end":{"line":139,"column":57},"skip":true},"45":{"start":{"line":143,"column":8},"end":{"line":147,"column":11},"skip":true},"46":{"start":{"line":144,"column":12},"end":{"line":146,"column":15},"skip":true},"47":{"start":{"line":145,"column":16},"end":{"line":145,"column":70},"skip":true},"48":{"start":{"line":149,"column":8},"end":{"line":149,"column":31},"skip":true},"49":{"start":{"line":150,"column":8},"end":{"line":150,"column":14},"skip":true},"50":{"start":{"line":158,"column":8},"end":{"line":158,"column":31},"skip":true},"51":{"start":{"line":160,"column":8},"end":{"line":160,"column":33},"skip":true},"52":{"start":{"line":161,"column":8},"end":{"line":161,"column":37},"skip":true},"53":{"start":{"line":162,"column":8},"end":{"line":162,"column":35},"skip":true},"54":{"start":{"line":164,"column":8},"end":{"line":164,"column":50},"skip":true},"55":{"start":{"line":166,"column":8},"end":{"line":256,"column":2},"skip":true},"56":{"start":{"line":258,"column":8},"end":{"line":286,"column":9},"skip":true},"57":{"start":{"line":259,"column":12},"end":{"line":269,"column":14},"skip":true},"58":{"start":{"line":271,"column":12},"end":{"line":285,"column":19},"skip":true},"59":{"start":{"line":274,"column":20},"end":{"line":274,"column":35},"skip":true},"60":{"start":{"line":275,"column":20},"end":{"line":284,"column":21},"skip":true},"61":{"start":{"line":277,"column":24},"end":{"line":277,"column":64},"skip":true},"62":{"start":{"line":279,"column":24},"end":{"line":279,"column":40},"skip":true},"63":{"start":{"line":281,"column":24},"end":{"line":281,"column":40},"skip":true},"64":{"start":{"line":283,"column":24},"end":{"line":283,"column":39},"skip":true},"65":{"start":{"line":288,"column":8},"end":{"line":290,"column":9},"skip":true},"66":{"start":{"line":289,"column":12},"end":{"line":289,"column":18},"skip":true},"67":{"start":{"line":291,"column":8},"end":{"line":293,"column":54},"skip":true},"68":{"start":{"line":296,"column":8},"end":{"line":301,"column":37},"skip":true},"69":{"start":{"line":303,"column":8},"end":{"line":303,"column":82},"skip":true},"70":{"start":{"line":306,"column":8},"end":{"line":308,"column":9},"skip":true},"71":{"start":{"line":307,"column":12},"end":{"line":307,"column":82},"skip":true},"72":{"start":{"line":310,"column":8},"end":{"line":312,"column":9},"skip":true},"73":{"start":{"line":311,"column":12},"end":{"line":311,"column":18},"skip":true},"74":{"start":{"line":313,"column":8},"end":{"line":313,"column":54},"skip":true},"75":{"start":{"line":314,"column":8},"end":{"line":314,"column":69},"skip":true},"76":{"start":{"line":315,"column":8},"end":{"line":323,"column":36},"skip":true},"77":{"start":{"line":316,"column":12},"end":{"line":316,"column":61},"skip":true},"78":{"start":{"line":317,"column":12},"end":{"line":320,"column":13},"skip":true},"79":{"start":{"line":318,"column":16},"end":{"line":318,"column":75},"skip":true},"80":{"start":{"line":319,"column":16},"end":{"line":319,"column":23},"skip":true},"81":{"start":{"line":321,"column":12},"end":{"line":321,"column":38},"skip":true},"82":{"start":{"line":322,"column":12},"end":{"line":322,"column":27},"skip":true},"83":{"start":{"line":324,"column":8},"end":{"line":324,"column":14},"skip":true}},"branchMap":{"1":{"line":39,"type":"binary-expr","locations":[{"start":{"line":39,"column":23},"end":{"line":39,"column":62}},{"start":{"line":40,"column":20},"end":{"line":40,"column":70}},{"start":{"line":41,"column":20},"end":{"line":41,"column":71}},{"start":{"line":42,"column":20},"end":{"line":42,"column":29}}]},"2":{"line":44,"type":"binary-expr","locations":[{"start":{"line":44,"column":23},"end":{"line":44,"column":37}},{"start":{"line":45,"column":20},"end":{"line":45,"column":61}},{"start":{"line":46,"column":20},"end":{"line":46,"column":70}},{"start":{"line":47,"column":20},"end":{"line":47,"column":26}}]},"3":{"line":51,"type":"cond-expr","locations":[{"start":{"line":52,"column":14},"end":{"line":52,"column":20}},{"start":{"line":53,"column":14},"end":{"line":53,"column":20}}]},"4":{"line":55,"type":"binary-expr","locations":[{"start":{"line":55,"column":16},"end":{"line":55,"column":44}},{"start":{"line":55,"column":49},"end":{"line":57,"column":43}}]},"5":{"line":55,"type":"cond-expr","locations":[{"start":{"line":56,"column":14},"end":{"line":56,"column":55}},{"start":{"line":57,"column":14},"end":{"line":57,"column":43}}]},"6":{"line":61,"type":"switch","locations":[{"start":{"line":68,"column":4},"end":{"line":150,"column":14},"skip":true},{"start":{"line":156,"column":4},"end":{"line":324,"column":14},"skip":true}]},"7":{"line":70,"type":"if","locations":[{"start":{"line":70,"column":12},"end":{"line":70,"column":12},"skip":true},{"start":{"line":70,"column":12},"end":{"line":70,"column":12},"skip":true}]},"8":{"line":70,"type":"binary-expr","locations":[{"start":{"line":70,"column":16},"end":{"line":70,"column":22},"skip":true},{"start":{"line":70,"column":27},"end":{"line":70,"column":32},"skip":true},{"start":{"line":71,"column":20},"end":{"line":71,"column":39},"skip":true},{"start":{"line":72,"column":20},"end":{"line":72,"column":49},"skip":true},{"start":{"line":73,"column":20},"end":{"line":73,"column":58},"skip":true},{"start":{"line":74,"column":20},"end":{"line":74,"column":69},"skip":true}]},"9":{"line":79,"type":"switch","locations":[{"start":{"line":80,"column":20},"end":{"line":80,"column":33},"skip":true},{"start":{"line":81,"column":20},"end":{"line":83,"column":30},"skip":true},{"start":{"line":84,"column":20},"end":{"line":85,"column":49},"skip":true}]},"10":{"line":89,"type":"switch","locations":[{"start":{"line":90,"column":12},"end":{"line":103,"column":22},"skip":true},{"start":{"line":105,"column":12},"end":{"line":106,"column":22},"skip":true}]},"11":{"line":89,"type":"binary-expr","locations":[{"start":{"line":89,"column":20},"end":{"line":89,"column":25},"skip":true},{"start":{"line":89,"column":29},"end":{"line":89,"column":48},"skip":true},{"start":{"line":89,"column":52},"end":{"line":89,"column":74},"skip":true}]},"12":{"line":92,"type":"if","locations":[{"start":{"line":92,"column":16},"end":{"line":92,"column":16},"skip":true},{"start":{"line":92,"column":16},"end":{"line":92,"column":16},"skip":true}]},"13":{"line":108,"type":"if","locations":[{"start":{"line":108,"column":12},"end":{"line":108,"column":12},"skip":true},{"start":{"line":108,"column":12},"end":{"line":108,"column":12},"skip":true}]},"14":{"line":108,"type":"binary-expr","locations":[{"start":{"line":108,"column":16},"end":{"line":108,"column":61},"skip":true},{"start":{"line":108,"column":66},"end":{"line":108,"column":72},"skip":true},{"start":{"line":108,"column":77},"end":{"line":108,"column":82},"skip":true},{"start":{"line":109,"column":20},"end":{"line":109,"column":39},"skip":true},{"start":{"line":110,"column":20},"end":{"line":110,"column":49},"skip":true},{"start":{"line":111,"column":20},"end":{"line":111,"column":58},"skip":true},{"start":{"line":112,"column":20},"end":{"line":112,"column":68},"skip":true}]},"15":{"line":129,"type":"if","locations":[{"start":{"line":129,"column":16},"end":{"line":129,"column":16},"skip":true},{"start":{"line":129,"column":16},"end":{"line":129,"column":16},"skip":true}]},"16":{"line":134,"type":"cond-expr","locations":[{"start":{"line":135,"column":26},"end":{"line":135,"column":29},"skip":true},{"start":{"line":136,"column":26},"end":{"line":136,"column":54},"skip":true}]},"17":{"line":164,"type":"binary-expr","locations":[{"start":{"line":164,"column":27},"end":{"line":164,"column":43},"skip":true},{"start":{"line":164,"column":47},"end":{"line":164,"column":49},"skip":true}]},"18":{"line":258,"type":"if","locations":[{"start":{"line":258,"column":8},"end":{"line":258,"column":8},"skip":true},{"start":{"line":258,"column":8},"end":{"line":258,"column":8},"skip":true}]},"19":{"line":275,"type":"switch","locations":[{"start":{"line":276,"column":20},"end":{"line":277,"column":64},"skip":true},{"start":{"line":278,"column":20},"end":{"line":279,"column":40},"skip":true},{"start":{"line":280,"column":20},"end":{"line":281,"column":40},"skip":true},{"start":{"line":282,"column":20},"end":{"line":283,"column":39},"skip":true}]},"20":{"line":288,"type":"if","locations":[{"start":{"line":288,"column":8},"end":{"line":288,"column":8},"skip":true},{"start":{"line":288,"column":8},"end":{"line":288,"column":8},"skip":true}]},"21":{"line":288,"type":"binary-expr","locations":[{"start":{"line":288,"column":12},"end":{"line":288,"column":40},"skip":true},{"start":{"line":288,"column":44},"end":{"line":288,"column":67},"skip":true}]},"22":{"line":292,"type":"binary-expr","locations":[{"start":{"line":292,"column":12},"end":{"line":292,"column":50},"skip":true},{"start":{"line":293,"column":12},"end":{"line":293,"column":53},"skip":true}]},"23":{"line":297,"type":"binary-expr","locations":[{"start":{"line":297,"column":12},"end":{"line":297,"column":69},"skip":true},{"start":{"line":298,"column":12},"end":{"line":301,"column":36},"skip":true}]},"24":{"line":303,"type":"binary-expr","locations":[{"start":{"line":303,"column":43},"end":{"line":303,"column":75},"skip":true},{"start":{"line":303,"column":79},"end":{"line":303,"column":81},"skip":true}]},"25":{"line":306,"type":"if","locations":[{"start":{"line":306,"column":8},"end":{"line":306,"column":8},"skip":true},{"start":{"line":306,"column":8},"end":{"line":306,"column":8},"skip":true}]},"26":{"line":310,"type":"if","locations":[{"start":{"line":310,"column":8},"end":{"line":310,"column":8},"skip":true},{"start":{"line":310,"column":8},"end":{"line":310,"column":8},"skip":true}]},"27":{"line":313,"type":"binary-expr","locations":[{"start":{"line":313,"column":27},"end":{"line":313,"column":43},"skip":true},{"start":{"line":313,"column":47},"end":{"line":313,"column":53},"skip":true}]},"28":{"line":317,"type":"if","locations":[{"start":{"line":317,"column":12},"end":{"line":317,"column":12},"skip":true},{"start":{"line":317,"column":12},"end":{"line":317,"column":12},"skip":true}]}},"code":["/*","example.js","","quickstart example","","instruction","    1. save this script as example.js","    2. run the shell command:","        $ npm install npmtest-prom-client && PORT=8081 node example.js","    3. play with the browser-demo on http://127.0.0.1:8081","*/","","","","/* istanbul instrument in package npmtest_prom_client */","/*jslint","    bitwise: true,","    browser: true,","    maxerr: 8,","    maxlen: 96,","    node: true,","    nomen: true,","    regexp: true,","    stupid: true","*/","(function () {","    'use strict';","    var local;","","","","    // run shared js-env code - pre-init","    (function () {","        // init local","        local = {};","        // init modeJs","        local.modeJs = (function () {","            try {","                return typeof navigator.userAgent === 'string' &&","                    typeof document.querySelector('body') === 'object' &&","                    typeof XMLHttpRequest.prototype.open === 'function' &&","                    'browser';","            } catch (errorCaughtBrowser) {","                return module.exports &&","                    typeof process.versions.node === 'string' &&","                    typeof require('http').createServer === 'function' &&","                    'node';","            }","        }());","        // init global","        local.global = local.modeJs === 'browser'","            ? window","            : global;","        // init utility2_rollup","        local = local.global.utility2_rollup || (local.modeJs === 'browser'","            ? local.global.utility2_npmtest_prom_client","            : global.utility2_moduleExports);","        // export local","        local.global.local = local;","    }());","    switch (local.modeJs) {","","","","    // post-init","    // run browser js-env code - post-init","    /* istanbul ignore next */","    case 'browser':","        local.testRunBrowser = function (event) {","            if (!event || (event &&","                    event.currentTarget &&","                    event.currentTarget.className &&","                    event.currentTarget.className.includes &&","                    event.currentTarget.className.includes('onreset'))) {","                // reset output","                Array.from(","                    document.querySelectorAll('body > .resettable')","                ).forEach(function (element) {","                    switch (element.tagName) {","                    case 'INPUT':","                    case 'TEXTAREA':","                        element.value = '';","                        break;","                    default:","                        element.textContent = '';","                    }","                });","            }","            switch (event && event.currentTarget && event.currentTarget.id) {","            case 'testRunButton1':","                // show tests","                if (document.querySelector('#testReportDiv1').style.display === 'none') {","                    document.querySelector('#testReportDiv1').style.display = 'block';","                    document.querySelector('#testRunButton1').textContent =","                        'hide internal test';","                    local.modeTest = true;","                    local.testRunDefault(local);","                // hide tests","                } else {","                    document.querySelector('#testReportDiv1').style.display = 'none';","                    document.querySelector('#testRunButton1').textContent = 'run internal test';","                }","                break;","            // custom-case","            default:","                break;","            }","            if (document.querySelector('#inputTextareaEval1') && (!event || (event &&","                    event.currentTarget &&","                    event.currentTarget.className &&","                    event.currentTarget.className.includes &&","                    event.currentTarget.className.includes('oneval')))) {","                // try to eval input-code","                try {","                    /*jslint evil: true*/","                    eval(document.querySelector('#inputTextareaEval1').value);","                } catch (errorCaught) {","                    console.error(errorCaught);","                }","            }","        };","        // log stderr and stdout to #outputTextareaStdout1","        ['error', 'log'].forEach(function (key) {","            console[key + '_original'] = console[key];","            console[key] = function () {","                var element;","                console[key + '_original'].apply(console, arguments);","                element = document.querySelector('#outputTextareaStdout1');","                if (!element) {","                    return;","                }","                // append text to #outputTextareaStdout1","                element.value += Array.from(arguments).map(function (arg) {","                    return typeof arg === 'string'","                        ? arg","                        : JSON.stringify(arg, null, 4);","                }).join(' ') + '\\n';","                // scroll textarea to bottom","                element.scrollTop = element.scrollHeight;","            };","        });","        // init event-handling","        ['change', 'click', 'keyup'].forEach(function (event) {","            Array.from(document.querySelectorAll('.on' + event)).forEach(function (element) {","                element.addEventListener(event, local.testRunBrowser);","            });","        });","        // run tests","        local.testRunBrowser();","        break;","","","","    // run node js-env code - post-init","    /* istanbul ignore next */","    case 'node':","        // export local","        module.exports = local;","        // require modules","        local.fs = require('fs');","        local.http = require('http');","        local.url = require('url');","        // init assets","        local.assetsDict = local.assetsDict || {};","        /* jslint-ignore-begin */","        local.assetsDict['/assets.index.template.html'] = '\\","<!doctype html>\\n\\","<html lang=\"en\">\\n\\","<head>\\n\\","<meta charset=\"UTF-8\">\\n\\","<meta name=\"viewport\" content=\"width=device-width, initial-scale=1\">\\n\\","<title>{{env.npm_package_name}} (v{{env.npm_package_version}})</title>\\n\\","<style>\\n\\","/*csslint\\n\\","    box-sizing: false,\\n\\","    universal-selector: false\\n\\","*/\\n\\","* {\\n\\","    box-sizing: border-box;\\n\\","}\\n\\","body {\\n\\","    background: #dde;\\n\\","    font-family: Arial, Helvetica, sans-serif;\\n\\","    margin: 2rem;\\n\\","}\\n\\","body > * {\\n\\","    margin-bottom: 1rem;\\n\\","}\\n\\",".utility2FooterDiv {\\n\\","    margin-top: 20px;\\n\\","    text-align: center;\\n\\","}\\n\\","</style>\\n\\","<style>\\n\\","/*csslint\\n\\","*/\\n\\","textarea {\\n\\","    font-family: monospace;\\n\\","    height: 10rem;\\n\\","    width: 100%;\\n\\","}\\n\\","textarea[readonly] {\\n\\","    background: #ddd;\\n\\","}\\n\\","</style>\\n\\","</head>\\n\\","<body>\\n\\","<!-- utility2-comment\\n\\","<div id=\"ajaxProgressDiv1\" style=\"background: #d00; height: 2px; left: 0; margin: 0; padding: 0; position: fixed; top: 0; transition: background 0.5s, width 1.5s; width: 25%;\"></div>\\n\\","utility2-comment -->\\n\\","<h1>\\n\\","<!-- utility2-comment\\n\\","    <a\\n\\","        {{#if env.npm_package_homepage}}\\n\\","        href=\"{{env.npm_package_homepage}}\"\\n\\","        {{/if env.npm_package_homepage}}\\n\\","        target=\"_blank\"\\n\\","    >\\n\\","utility2-comment -->\\n\\","        {{env.npm_package_name}} (v{{env.npm_package_version}})\\n\\","<!-- utility2-comment\\n\\","    </a>\\n\\","utility2-comment -->\\n\\","</h1>\\n\\","<h3>{{env.npm_package_description}}</h3>\\n\\","<!-- utility2-comment\\n\\","<h4><a download href=\"assets.app.js\">download standalone app</a></h4>\\n\\","<button class=\"onclick onreset\" id=\"testRunButton1\">run internal test</button><br>\\n\\","<div id=\"testReportDiv1\" style=\"display: none;\"></div>\\n\\","utility2-comment -->\\n\\","\\n\\","\\n\\","\\n\\","<label>stderr and stdout</label>\\n\\","<textarea class=\"resettable\" id=\"outputTextareaStdout1\" readonly></textarea>\\n\\","<!-- utility2-comment\\n\\","{{#if isRollup}}\\n\\","<script src=\"assets.app.js\"></script>\\n\\","{{#unless isRollup}}\\n\\","utility2-comment -->\\n\\","<script src=\"assets.utility2.rollup.js\"></script>\\n\\","<script src=\"jsonp.utility2._stateInit?callback=window.utility2._stateInit\"></script>\\n\\","<script src=\"assets.npmtest_prom_client.rollup.js\"></script>\\n\\","<script src=\"assets.example.js\"></script>\\n\\","<script src=\"assets.test.js\"></script>\\n\\","<!-- utility2-comment\\n\\","{{/if isRollup}}\\n\\","utility2-comment -->\\n\\","<div class=\"utility2FooterDiv\">\\n\\","    [ this app was created with\\n\\","    <a href=\"https://github.com/kaizhu256/node-utility2\" target=\"_blank\">utility2</a>\\n\\","    ]\\n\\","</div>\\n\\","</body>\\n\\","</html>\\n\\","';","        /* jslint-ignore-end */","        if (local.templateRender) {","            local.assetsDict['/'] = local.templateRender(","                local.assetsDict['/assets.index.template.html'],","                {","                    env: local.objectSetDefault(local.env, {","                        npm_package_description: 'the greatest app in the world!',","                        npm_package_name: 'my-app',","                        npm_package_nameAlias: 'my_app',","                        npm_package_version: '0.0.1'","                    })","                }","            );","        } else {","            local.assetsDict['/'] = local.assetsDict['/assets.index.template.html']","                .replace((/\\{\\{env\\.(\\w+?)\\}\\}/g), function (match0, match1) {","                    // jslint-hack","                    String(match0);","                    switch (match1) {","                    case 'npm_package_description':","                        return 'the greatest app in the world!';","                    case 'npm_package_name':","                        return 'my-app';","                    case 'npm_package_nameAlias':","                        return 'my_app';","                    case 'npm_package_version':","                        return '0.0.1';","                    }","                });","        }","        // run the cli","        if (local.global.utility2_rollup || module !== require.main) {","            break;","        }","        local.assetsDict['/assets.example.js'] =","            local.assetsDict['/assets.example.js'] ||","            local.fs.readFileSync(__filename, 'utf8');","        // bug-workaround - long $npm_package_buildCustomOrg","        /* jslint-ignore-begin */","        local.assetsDict['/assets.npmtest_prom_client.rollup.js'] =","            local.assetsDict['/assets.npmtest_prom_client.rollup.js'] ||","            local.fs.readFileSync(","                local.npmtest_prom_client.__dirname + '/lib.npmtest_prom_client.js',","                'utf8'","            ).replace((/^#!/), '//');","        /* jslint-ignore-end */","        local.assetsDict['/favicon.ico'] = local.assetsDict['/favicon.ico'] || '';","        // if $npm_config_timeout_exit exists,","        // then exit this process after $npm_config_timeout_exit ms","        if (Number(process.env.npm_config_timeout_exit)) {","            setTimeout(process.exit, Number(process.env.npm_config_timeout_exit));","        }","        // start server","        if (local.global.utility2_serverHttp1) {","            break;","        }","        process.env.PORT = process.env.PORT || '8081';","        console.error('server starting on port ' + process.env.PORT);","        local.http.createServer(function (request, response) {","            request.urlParsed = local.url.parse(request.url);","            if (local.assetsDict[request.urlParsed.pathname] !== undefined) {","                response.end(local.assetsDict[request.urlParsed.pathname]);","                return;","            }","            response.statusCode = 404;","            response.end();","        }).listen(process.env.PORT);","        break;","    }","}());",""],"l":{"26":2,"28":2,"33":2,"35":2,"37":2,"38":2,"39":2,"44":1,"51":2,"55":2,"59":2,"61":2,"69":1,"70":2,"76":2,"79":2,"82":2,"83":2,"85":1,"89":2,"92":1,"93":1,"94":1,"96":1,"97":1,"100":1,"101":1,"103":1,"106":1,"108":2,"114":1,"116":1,"118":1,"123":1,"124":2,"125":2,"126":3,"127":3,"128":3,"129":3,"130":1,"133":3,"134":3,"139":3,"143":1,"144":3,"145":1,"149":1,"150":1,"158":1,"160":1,"161":1,"162":1,"164":1,"166":1,"258":1,"259":1,"271":1,"274":6,"275":6,"277":1,"279":2,"281":1,"283":2,"288":1,"289":1,"291":1,"296":1,"303":1,"306":1,"307":1,"310":1,"311":1,"313":1,"314":1,"315":1,"316":1,"317":1,"318":1,"319":1,"321":1,"322":1,"324":1}},"/home/travis/build/npmtest/node-npmtest-prom-client/node_modules/prom-client/index.js":{"path":"/home/travis/build/npmtest/node-npmtest-prom-client/node_modules/prom-client/index.js","s":{"1":2,"2":2,"3":2,"4":2,"5":2,"6":2,"7":2,"8":2,"9":2,"10":2,"11":2,"12":0},"b":{},"f":{},"fnMap":{},"statementMap":{"1":{"start":{"line":8,"column":0},"end":{"line":8,"column":45}},"2":{"start":{"line":9,"column":0},"end":{"line":9,"column":60}},"3":{"start":{"line":11,"column":0},"end":{"line":11,"column":43}},"4":{"start":{"line":12,"column":0},"end":{"line":12,"column":39}},"5":{"start":{"line":13,"column":0},"end":{"line":13,"column":47}},"6":{"start":{"line":14,"column":0},"end":{"line":14,"column":43}},"7":{"start":{"line":15,"column":0},"end":{"line":15,"column":51}},"8":{"start":{"line":17,"column":0},"end":{"line":17,"column":72}},"9":{"start":{"line":18,"column":0},"end":{"line":18,"column":82}},"10":{"start":{"line":20,"column":0},"end":{"line":20,"column":53}},"11":{"start":{"line":22,"column":0},"end":{"line":22,"column":17}},"12":{"start":{"line":24,"column":0},"end":{"line":24,"column":40}}},"branchMap":{},"code":["/**"," * Prometheus client"," * @module Prometheus client"," */","","'use strict';","","exports.register = require('./lib/register');","exports.contentType = require('./lib/register').contentType;","","exports.Counter = require('./lib/counter');","exports.Gauge = require('./lib/gauge');","exports.Histogram = require('./lib/histogram');","exports.Summary = require('./lib/summary');","exports.Pushgateway = require('./lib/pushgateway');","","exports.linearBuckets = require('./lib/bucketGenerators').linearBuckets;","exports.exponentialBuckets = require('./lib/bucketGenerators').exponentialBuckets;","","var defaultMetrics = require('./lib/defaultMetrics');","","defaultMetrics();","","exports.defaultMetrics = defaultMetrics;",""],"l":{"8":2,"9":2,"11":2,"12":2,"13":2,"14":2,"15":2,"17":2,"18":2,"20":2,"22":2,"24":0}},"/home/travis/build/npmtest/node-npmtest-prom-client/node_modules/prom-client/lib/register.js":{"path":"/home/travis/build/npmtest/node-npmtest-prom-client/node_modules/prom-client/lib/register.js","s":{"1":1,"2":1,"3":0,"4":0,"5":1,"6":0,"7":0,"8":0,"9":0,"10":0,"11":0,"12":0,"13":0,"14":0,"15":0,"16":0,"17":0,"18":0,"19":0,"20":0,"21":0,"22":1,"23":0,"24":1,"25":0,"26":1,"27":0,"28":0,"29":0,"30":1,"31":20,"32":1,"33":19,"34":1,"35":0,"36":1,"37":0,"38":0,"39":1,"40":0,"41":1,"42":0,"43":1,"44":0,"45":1},"b":{"1":[0,0],"2":[0,0],"3":[0,0],"4":[0,0],"5":[0,0],"6":[1,19]},"f":{"1":0,"2":0,"3":0,"4":0,"5":0,"6":0,"7":0,"8":0,"9":20,"10":0,"11":0,"12":0,"13":0,"14":0,"15":0},"fnMap":{"1":{"name":"getMetricsAsArray","line":5,"loc":{"start":{"line":5,"column":0},"end":{"line":5,"column":29}}},"2":{"name":"(anonymous_2)","line":7,"loc":{"start":{"line":7,"column":7},"end":{"line":7,"column":21}}},"3":{"name":"getMetricAsPrometheusString","line":12,"loc":{"start":{"line":12,"column":0},"end":{"line":12,"column":45}}},"4":{"name":"(anonymous_4)","line":19,"loc":{"start":{"line":19,"column":41},"end":{"line":19,"column":63}}},"5":{"name":"(anonymous_5)","line":20,"loc":{"start":{"line":20,"column":49},"end":{"line":20,"column":63}}},"6":{"name":"getMetrics","line":38,"loc":{"start":{"line":38,"column":17},"end":{"line":38,"column":39}}},"7":{"name":"escapeString","line":44,"loc":{"start":{"line":44,"column":0},"end":{"line":44,"column":27}}},"8":{"name":"escapeLabelValue","line":47,"loc":{"start":{"line":47,"column":0},"end":{"line":47,"column":31}}},"9":{"name":"registerMetric","line":54,"loc":{"start":{"line":54,"column":21},"end":{"line":54,"column":55}}},"10":{"name":"clearMetrics","line":62,"loc":{"start":{"line":62,"column":19},"end":{"line":62,"column":43}}},"11":{"name":"getMetricsAsJSON","line":66,"loc":{"start":{"line":66,"column":23},"end":{"line":66,"column":51}}},"12":{"name":"(anonymous_12)","line":67,"loc":{"start":{"line":67,"column":32},"end":{"line":67,"column":49}}},"13":{"name":"removeSingleMetric","line":72,"loc":{"start":{"line":72,"column":25},"end":{"line":72,"column":59}}},"14":{"name":"getSingleMetricAsString","line":76,"loc":{"start":{"line":76,"column":30},"end":{"line":76,"column":69}}},"15":{"name":"getSingleMetric","line":80,"loc":{"start":{"line":80,"column":22},"end":{"line":80,"column":53}}}},"statementMap":{"1":{"start":{"line":3,"column":0},"end":{"line":3,"column":17}},"2":{"start":{"line":5,"column":0},"end":{"line":10,"column":1}},"3":{"start":{"line":6,"column":1},"end":{"line":9,"column":5}},"4":{"start":{"line":8,"column":3},"end":{"line":8,"column":23}},"5":{"start":{"line":12,"column":0},"end":{"line":36,"column":1}},"6":{"start":{"line":13,"column":1},"end":{"line":13,"column":25}},"7":{"start":{"line":14,"column":1},"end":{"line":14,"column":36}},"8":{"start":{"line":15,"column":1},"end":{"line":15,"column":36}},"9":{"start":{"line":16,"column":1},"end":{"line":16,"column":44}},"10":{"start":{"line":17,"column":1},"end":{"line":17,"column":53}},"11":{"start":{"line":19,"column":1},"end":{"line":32,"column":8}},"12":{"start":{"line":20,"column":2},"end":{"line":22,"column":5}},"13":{"start":{"line":21,"column":3},"end":{"line":21,"column":63}},"14":{"start":{"line":24,"column":2},"end":{"line":24,"column":47}},"15":{"start":{"line":25,"column":2},"end":{"line":27,"column":3}},"16":{"start":{"line":26,"column":3},"end":{"line":26,"column":46}},"17":{"start":{"line":29,"column":2},"end":{"line":29,"column":46}},"18":{"start":{"line":30,"column":2},"end":{"line":30,"column":17}},"19":{"start":{"line":31,"column":2},"end":{"line":31,"column":16}},"20":{"start":{"line":34,"column":1},"end":{"line":34,"column":43}},"21":{"start":{"line":35,"column":1},"end":{"line":35,"column":12}},"22":{"start":{"line":38,"column":0},"end":{"line":42,"column":2}},"23":{"start":{"line":39,"column":1},"end":{"line":41,"column":14}},"24":{"start":{"line":44,"column":0},"end":{"line":46,"column":1}},"25":{"start":{"line":45,"column":1},"end":{"line":45,"column":62}},"26":{"start":{"line":47,"column":0},"end":{"line":52,"column":1}},"27":{"start":{"line":48,"column":1},"end":{"line":50,"column":2}},"28":{"start":{"line":49,"column":2},"end":{"line":49,"column":13}},"29":{"start":{"line":51,"column":1},"end":{"line":51,"column":47}},"30":{"start":{"line":54,"column":0},"end":{"line":60,"column":2}},"31":{"start":{"line":55,"column":1},"end":{"line":57,"column":2}},"32":{"start":{"line":56,"column":2},"end":{"line":56,"column":95}},"33":{"start":{"line":59,"column":1},"end":{"line":59,"column":35}},"34":{"start":{"line":62,"column":0},"end":{"line":64,"column":2}},"35":{"start":{"line":63,"column":1},"end":{"line":63,"column":14}},"36":{"start":{"line":66,"column":0},"end":{"line":70,"column":2}},"37":{"start":{"line":67,"column":1},"end":{"line":69,"column":4}},"38":{"start":{"line":68,"column":2},"end":{"line":68,"column":22}},"39":{"start":{"line":72,"column":0},"end":{"line":74,"column":2}},"40":{"start":{"line":73,"column":1},"end":{"line":73,"column":22}},"41":{"start":{"line":76,"column":0},"end":{"line":78,"column":2}},"42":{"start":{"line":77,"column":1},"end":{"line":77,"column":51}},"43":{"start":{"line":80,"column":0},"end":{"line":82,"column":2}},"44":{"start":{"line":81,"column":1},"end":{"line":81,"column":22}},"45":{"start":{"line":84,"column":0},"end":{"line":93,"column":2}}},"branchMap":{"1":{"line":19,"type":"binary-expr","locations":[{"start":{"line":19,"column":15},"end":{"line":19,"column":26}},{"start":{"line":19,"column":30},"end":{"line":19,"column":32}}]},"2":{"line":20,"type":"binary-expr","locations":[{"start":{"line":20,"column":27},"end":{"line":20,"column":37}},{"start":{"line":20,"column":41},"end":{"line":20,"column":43}}]},"3":{"line":24,"type":"binary-expr","locations":[{"start":{"line":24,"column":19},"end":{"line":24,"column":33}},{"start":{"line":24,"column":37},"end":{"line":24,"column":46}}]},"4":{"line":25,"type":"if","locations":[{"start":{"line":25,"column":2},"end":{"line":25,"column":2}},{"start":{"line":25,"column":2},"end":{"line":25,"column":2}}]},"5":{"line":48,"type":"if","locations":[{"start":{"line":48,"column":1},"end":{"line":48,"column":1}},{"start":{"line":48,"column":1},"end":{"line":48,"column":1}}]},"6":{"line":55,"type":"if","locations":[{"start":{"line":55,"column":1},"end":{"line":55,"column":1}},{"start":{"line":55,"column":1},"end":{"line":55,"column":1}}]}},"code":["'use strict';","","var metrics = {};","","function getMetricsAsArray() {","\treturn Object.keys(metrics)","\t\t.map(function(key) {","\t\t\treturn metrics[key];","\t\t});","}","","function getMetricAsPrometheusString(metric) {","\tvar item = metric.get();","\tvar name = escapeString(item.name);","\tvar help = escapeString(item.help);","\thelp = ['#', 'HELP', name, help].join(' ');","\tvar type = ['#', 'TYPE', name, item.type].join(' ');","","\tvar values = (item.values || []).reduce(function(valAcc, val) {","\t\tvar labels = Object.keys(val.labels || {}).map(function(key) {","\t\t\treturn key + '=\"' + escapeLabelValue(val.labels[key]) + '\"';","\t\t});","","\t\tvar metricName = val.metricName || item.name;","\t\tif(labels.length) {","\t\t\tmetricName += '{' + labels.join(',') + '}';","\t\t}","","\t\tvalAcc += [metricName, val.value].join(' ');","\t\tvalAcc += '\\n';","\t\treturn valAcc;","\t}, '');","","\tvar acc = [help, type, values].join('\\n');","\treturn acc;","}","","var getMetrics = function getMetrics() {","\treturn getMetricsAsArray()","\t\t.map(getMetricAsPrometheusString)","\t\t.join('\\n');","};","","function escapeString(str) {","\treturn str.replace(/\\n/g, '\\\\n').replace(/\\\\(?!n)/g, '\\\\\\\\');","}","function escapeLabelValue(str) {","\tif(typeof str !== 'string') {","\t\treturn str;","\t}","\treturn escapeString(str).replace(/\"/g, '\\\\\"');","}","","var registerMetric = function registerMetric(metricFn) {","\tif(metrics[metricFn.name]) {","\t\tthrow new Error('A metric with the name ' + metricFn.name + ' has already been registered.');","\t}","","\tmetrics[metricFn.name] = metricFn;","};","","var clearMetrics = function clearMetrics() {","\tmetrics = {};","};","","var getMetricsAsJSON = function getMetricsAsJSON() {","\treturn getMetricsAsArray().map(function(metric) {","\t\treturn metric.get();","\t});","};","","var removeSingleMetric = function removeSingleMetric(name) {","\tdelete metrics[name];","};","","var getSingleMetricAsString = function getSingleMetricAsString(name) {","\treturn getMetricAsPrometheusString(metrics[name]);","};","","var getSingleMetric = function getSingleMetric(name) {","\treturn metrics[name];","};","","module.exports = {","\tregisterMetric: registerMetric,","\tmetrics: getMetrics,","\tclear: clearMetrics,","\tgetMetricsAsJSON: getMetricsAsJSON,","\tremoveSingleMetric: removeSingleMetric,","\tgetSingleMetric: getSingleMetric,","\tgetSingleMetricAsString: getSingleMetricAsString,","\tcontentType: 'text/plain; version=0.0.4; charset=utf-8'","};",""],"l":{"3":1,"5":1,"6":0,"8":0,"12":1,"13":0,"14":0,"15":0,"16":0,"17":0,"19":0,"20":0,"21":0,"24":0,"25":0,"26":0,"29":0,"30":0,"31":0,"34":0,"35":0,"38":1,"39":0,"44":1,"45":0,"47":1,"48":0,"49":0,"51":0,"54":1,"55":20,"56":1,"59":19,"62":1,"63":0,"66":1,"67":0,"68":0,"72":1,"73":0,"76":1,"77":0,"80":1,"81":0,"84":1}},"/home/travis/build/npmtest/node-npmtest-prom-client/node_modules/prom-client/lib/counter.js":{"path":"/home/travis/build/npmtest/node-npmtest-prom-client/node_modules/prom-client/lib/counter.js","s":{"1":1,"2":1,"3":1,"4":1,"5":1,"6":1,"7":1,"8":1,"9":1,"10":1,"11":4,"12":0,"13":4,"14":0,"15":4,"16":0,"17":4,"18":0,"19":4,"20":4,"21":4,"22":4,"23":4,"24":1,"25":3,"26":3,"27":0,"28":0,"29":1,"30":0,"31":1,"32":0,"33":0,"34":0,"35":0,"36":1,"37":3,"38":3,"39":3,"40":0,"41":3,"42":0,"43":3,"44":3,"45":1,"46":3,"47":0,"48":3,"49":3,"50":1},"b":{"1":[0,4],"2":[0,4],"3":[0,4],"4":[0,4],"5":[4,4],"6":[3,0],"7":[3,0],"8":[0,0],"9":[0,3],"10":[3,2],"11":[0,3],"12":[0,3],"13":[3,3],"14":[0,3],"15":[3,3]},"f":{"1":4,"2":3,"3":0,"4":0,"5":3,"6":3,"7":3},"fnMap":{"1":{"name":"Counter","line":23,"loc":{"start":{"line":23,"column":0},"end":{"line":23,"column":37}}},"2":{"name":"(anonymous_2)","line":52,"loc":{"start":{"line":52,"column":24},"end":{"line":52,"column":48}}},"3":{"name":"(anonymous_3)","line":61,"loc":{"start":{"line":61,"column":24},"end":{"line":61,"column":35}}},"4":{"name":"(anonymous_4)","line":70,"loc":{"start":{"line":70,"column":27},"end":{"line":70,"column":38}}},"5":{"name":"(anonymous_5)","line":79,"loc":{"start":{"line":79,"column":10},"end":{"line":79,"column":33}}},"6":{"name":"(anonymous_6)","line":81,"loc":{"start":{"line":81,"column":8},"end":{"line":81,"column":24}}},"7":{"name":"createValue","line":95,"loc":{"start":{"line":95,"column":0},"end":{"line":95,"column":51}}}},"statementMap":{"1":{"start":{"line":5,"column":0},"end":{"line":5,"column":37}},"2":{"start":{"line":6,"column":0},"end":{"line":6,"column":21}},"3":{"start":{"line":7,"column":0},"end":{"line":7,"column":42}},"4":{"start":{"line":8,"column":0},"end":{"line":8,"column":59}},"5":{"start":{"line":9,"column":0},"end":{"line":9,"column":46}},"6":{"start":{"line":10,"column":0},"end":{"line":10,"column":59}},"7":{"start":{"line":11,"column":0},"end":{"line":11,"column":68}},"8":{"start":{"line":12,"column":0},"end":{"line":12,"column":67}},"9":{"start":{"line":14,"column":0},"end":{"line":14,"column":44}},"10":{"start":{"line":23,"column":0},"end":{"line":44,"column":1}},"11":{"start":{"line":24,"column":1},"end":{"line":26,"column":2}},"12":{"start":{"line":25,"column":2},"end":{"line":25,"column":54}},"13":{"start":{"line":27,"column":1},"end":{"line":29,"column":2}},"14":{"start":{"line":28,"column":2},"end":{"line":28,"column":54}},"15":{"start":{"line":30,"column":1},"end":{"line":32,"column":2}},"16":{"start":{"line":31,"column":2},"end":{"line":31,"column":41}},"17":{"start":{"line":34,"column":1},"end":{"line":36,"column":2}},"18":{"start":{"line":35,"column":2},"end":{"line":35,"column":40}},"19":{"start":{"line":37,"column":1},"end":{"line":37,"column":18}},"20":{"start":{"line":38,"column":1},"end":{"line":38,"column":19}},"21":{"start":{"line":40,"column":1},"end":{"line":40,"column":34}},"22":{"start":{"line":42,"column":1},"end":{"line":42,"column":18}},"23":{"start":{"line":43,"column":1},"end":{"line":43,"column":31}},"24":{"start":{"line":52,"column":0},"end":{"line":59,"column":2}},"25":{"start":{"line":53,"column":1},"end":{"line":55,"column":2}},"26":{"start":{"line":54,"column":2},"end":{"line":54,"column":38}},"27":{"start":{"line":57,"column":1},"end":{"line":57,"column":31}},"28":{"start":{"line":58,"column":1},"end":{"line":58,"column":44}},"29":{"start":{"line":61,"column":0},"end":{"line":68,"column":2}},"30":{"start":{"line":62,"column":1},"end":{"line":67,"column":3}},"31":{"start":{"line":70,"column":0},"end":{"line":77,"column":2}},"32":{"start":{"line":71,"column":1},"end":{"line":71,"column":58}},"33":{"start":{"line":72,"column":1},"end":{"line":72,"column":31}},"34":{"start":{"line":73,"column":1},"end":{"line":73,"column":41}},"35":{"start":{"line":74,"column":1},"end":{"line":76,"column":3}},"36":{"start":{"line":79,"column":0},"end":{"line":93,"column":2}},"37":{"start":{"line":80,"column":1},"end":{"line":80,"column":17}},"38":{"start":{"line":81,"column":1},"end":{"line":92,"column":3}},"39":{"start":{"line":82,"column":2},"end":{"line":84,"column":3}},"40":{"start":{"line":83,"column":3},"end":{"line":83,"column":57}},"41":{"start":{"line":85,"column":2},"end":{"line":87,"column":3}},"42":{"start":{"line":86,"column":3},"end":{"line":86,"column":63}},"43":{"start":{"line":89,"column":2},"end":{"line":89,"column":67}},"44":{"start":{"line":91,"column":2},"end":{"line":91,"column":67}},"45":{"start":{"line":95,"column":0},"end":{"line":102,"column":1}},"46":{"start":{"line":96,"column":1},"end":{"line":100,"column":2}},"47":{"start":{"line":97,"column":2},"end":{"line":97,"column":31}},"48":{"start":{"line":99,"column":2},"end":{"line":99,"column":57}},"49":{"start":{"line":101,"column":1},"end":{"line":101,"column":16}},"50":{"start":{"line":104,"column":0},"end":{"line":104,"column":25}}},"branchMap":{"1":{"line":24,"type":"if","locations":[{"start":{"line":24,"column":1},"end":{"line":24,"column":1}},{"start":{"line":24,"column":1},"end":{"line":24,"column":1}}]},"2":{"line":27,"type":"if","locations":[{"start":{"line":27,"column":1},"end":{"line":27,"column":1}},{"start":{"line":27,"column":1},"end":{"line":27,"column":1}}]},"3":{"line":30,"type":"if","locations":[{"start":{"line":30,"column":1},"end":{"line":30,"column":1}},{"start":{"line":30,"column":1},"end":{"line":30,"column":1}}]},"4":{"line":34,"type":"if","locations":[{"start":{"line":34,"column":1},"end":{"line":34,"column":1}},{"start":{"line":34,"column":1},"end":{"line":34,"column":1}}]},"5":{"line":40,"type":"binary-expr","locations":[{"start":{"line":40,"column":20},"end":{"line":40,"column":26}},{"start":{"line":40,"column":30},"end":{"line":40,"column":32}}]},"6":{"line":53,"type":"if","locations":[{"start":{"line":53,"column":1},"end":{"line":53,"column":1}},{"start":{"line":53,"column":1},"end":{"line":53,"column":1}}]},"7":{"line":53,"type":"binary-expr","locations":[{"start":{"line":53,"column":4},"end":{"line":53,"column":20}},{"start":{"line":53,"column":24},"end":{"line":53,"column":31}}]},"8":{"line":71,"type":"binary-expr","locations":[{"start":{"line":71,"column":14},"end":{"line":71,"column":51}},{"start":{"line":71,"column":55},"end":{"line":71,"column":57}}]},"9":{"line":82,"type":"if","locations":[{"start":{"line":82,"column":2},"end":{"line":82,"column":2}},{"start":{"line":82,"column":2},"end":{"line":82,"column":2}}]},"10":{"line":82,"type":"binary-expr","locations":[{"start":{"line":82,"column":5},"end":{"line":82,"column":10}},{"start":{"line":82,"column":14},"end":{"line":82,"column":30}}]},"11":{"line":85,"type":"if","locations":[{"start":{"line":85,"column":2},"end":{"line":85,"column":2}},{"start":{"line":85,"column":2},"end":{"line":85,"column":2}}]},"12":{"line":89,"type":"cond-expr","locations":[{"start":{"line":89,"column":57},"end":{"line":89,"column":58}},{"start":{"line":89,"column":61},"end":{"line":89,"column":66}}]},"13":{"line":89,"type":"binary-expr","locations":[{"start":{"line":89,"column":17},"end":{"line":89,"column":31}},{"start":{"line":89,"column":35},"end":{"line":89,"column":54}}]},"14":{"line":96,"type":"if","locations":[{"start":{"line":96,"column":1},"end":{"line":96,"column":1}},{"start":{"line":96,"column":1},"end":{"line":96,"column":1}}]},"15":{"line":99,"type":"binary-expr","locations":[{"start":{"line":99,"column":42},"end":{"line":99,"column":48}},{"start":{"line":99,"column":52},"end":{"line":99,"column":54}}]}},"code":["/**"," * Counter metric"," */","'use strict';","var register = require('./register');","var type = 'counter';","var isNumber = require('./util').isNumber;","var getProperties = require('./util').getPropertiesFromObj;","var hashObject = require('./util').hashObject;","var validateLabels = require('./validation').validateLabel;","var validateMetricName = require('./validation').validateMetricName;","var validateLabelNames = require('./validation').validateLabelName;","","var getLabels = require('./util').getLabels;","","/**"," * Counter"," * @param {string} name - Name of the metric"," * @param {string} help - Help description for the metric"," * @param {Array.<string>} labels - Labels"," * @constructor"," */","function Counter(name, help, labels) {","\tif(!help) {","\t\tthrow new Error('Missing mandatory help parameter');","\t}","\tif(!name) {","\t\tthrow new Error('Missing mandatory name parameter');","\t}","\tif(!validateMetricName(name)) {","\t\tthrow new Error('Invalid metric name');","\t}","","\tif(!validateLabelNames(labels)) {","\t\tthrow new Error('Invalid label name');","\t}","\tthis.name = name;","\tthis.hashMap = {};","","\tthis.labelNames = (labels || []);","","\tthis.help = help;","\tregister.registerMetric(this);","}","","/**"," * Increment counter"," * @param {object} labels - What label you want to be incremented"," * @param {Number} value - Value to increment, if omitted increment with 1"," * @returns {void}"," */","Counter.prototype.inc = function(labels, value) {","\tif(isNumber(labels) || !labels) {","\t\treturn inc.call(this, null)(labels);","\t}","","\tvar hash = hashObject(labels);","\treturn inc.call(this, labels, hash)(value);","};","","Counter.prototype.get = function() {","\treturn {","\t\thelp: this.help,","\t\tname: this.name,","\t\ttype: type,","\t\tvalues: getProperties(this.hashMap)","\t};","};","","Counter.prototype.labels = function() {","\tvar labels = getLabels(this.labelNames, arguments) || {};","\tvar hash = hashObject(labels);","\tvalidateLabels(this.labelNames, labels);","\treturn {","\t\tinc: inc.call(this, labels, hash)","\t};","};","","var inc = function(labels, hash) {","\tvar that = this;","\treturn function(value) {","\t\tif(value && !isNumber(value)) {","\t\t\tthrow new Error('Value is not a valid number', value);","\t\t}","\t\tif(value < 0) {","\t\t\tthrow new Error('It is not possible to decrease a counter');","\t\t}","","\t\tvar incValue = value === null || value === undefined ? 1 : value;","","\t\tthat.hashMap = createValue(that.hashMap, incValue, labels, hash);","\t};","};","","function createValue(hashMap, value, labels, hash) {","\tif(hashMap[hash]) {","\t\thashMap[hash].value += value;","\t} else {","\t\thashMap[hash] = { value: value, labels: labels || {} };","\t}","\treturn hashMap;","};","","module.exports = Counter;",""],"l":{"5":1,"6":1,"7":1,"8":1,"9":1,"10":1,"11":1,"12":1,"14":1,"23":1,"24":4,"25":0,"27":4,"28":0,"30":4,"31":0,"34":4,"35":0,"37":4,"38":4,"40":4,"42":4,"43":4,"52":1,"53":3,"54":3,"57":0,"58":0,"61":1,"62":0,"70":1,"71":0,"72":0,"73":0,"74":0,"79":1,"80":3,"81":3,"82":3,"83":0,"85":3,"86":0,"89":3,"91":3,"95":1,"96":3,"97":0,"99":3,"101":3,"104":1}},"/home/travis/build/npmtest/node-npmtest-prom-client/node_modules/prom-client/lib/util.js":{"path":"/home/travis/build/npmtest/node-npmtest-prom-client/node_modules/prom-client/lib/util.js","s":{"1":1,"2":1,"3":0,"4":0,"5":0,"6":1,"7":27,"8":27,"9":27,"10":1,"11":1,"12":0,"13":1,"14":1,"15":4,"16":4,"17":1,"18":27,"19":27,"20":11,"21":16,"22":1,"23":16,"24":16,"25":19,"26":16,"27":1,"28":1,"29":85},"b":{"1":[27,0],"2":[27,0],"3":[0,1],"4":[11,16],"5":[1,15]},"f":{"1":0,"2":0,"3":27,"4":1,"5":4,"6":27,"7":85},"fnMap":{"1":{"name":"(anonymous_1)","line":5,"loc":{"start":{"line":5,"column":31},"end":{"line":5,"column":49}}},"2":{"name":"(anonymous_2)","line":6,"loc":{"start":{"line":6,"column":36},"end":{"line":6,"column":48}}},"3":{"name":"setValue","line":13,"loc":{"start":{"line":13,"column":19},"end":{"line":13,"column":61}}},"4":{"name":"(anonymous_4)","line":19,"loc":{"start":{"line":19,"column":20},"end":{"line":19,"column":47}}},"5":{"name":"(anonymous_5)","line":25,"loc":{"start":{"line":25,"column":26},"end":{"line":25,"column":54}}},"6":{"name":"hashObject","line":32,"loc":{"start":{"line":32,"column":0},"end":{"line":32,"column":28}}},"7":{"name":"isNumber","line":53,"loc":{"start":{"line":53,"column":0},"end":{"line":53,"column":23}}}},"statementMap":{"1":{"start":{"line":3,"column":0},"end":{"line":3,"column":28}},"2":{"start":{"line":5,"column":0},"end":{"line":10,"column":2}},"3":{"start":{"line":6,"column":1},"end":{"line":8,"column":4}},"4":{"start":{"line":7,"column":2},"end":{"line":7,"column":20}},"5":{"start":{"line":9,"column":1},"end":{"line":9,"column":12}},"6":{"start":{"line":13,"column":0},"end":{"line":17,"column":2}},"7":{"start":{"line":14,"column":1},"end":{"line":14,"column":31}},"8":{"start":{"line":15,"column":1},"end":{"line":15,"column":78}},"9":{"start":{"line":16,"column":1},"end":{"line":16,"column":16}},"10":{"start":{"line":19,"column":0},"end":{"line":29,"column":2}},"11":{"start":{"line":20,"column":1},"end":{"line":22,"column":2}},"12":{"start":{"line":21,"column":2},"end":{"line":21,"column":49}},"13":{"start":{"line":24,"column":1},"end":{"line":24,"column":52}},"14":{"start":{"line":25,"column":1},"end":{"line":28,"column":8}},"15":{"start":{"line":26,"column":2},"end":{"line":26,"column":34}},"16":{"start":{"line":27,"column":2},"end":{"line":27,"column":13}},"17":{"start":{"line":32,"column":0},"end":{"line":50,"column":1}},"18":{"start":{"line":36,"column":1},"end":{"line":36,"column":32}},"19":{"start":{"line":37,"column":1},"end":{"line":39,"column":2}},"20":{"start":{"line":38,"column":2},"end":{"line":38,"column":12}},"21":{"start":{"line":41,"column":1},"end":{"line":43,"column":2}},"22":{"start":{"line":42,"column":2},"end":{"line":42,"column":21}},"23":{"start":{"line":45,"column":1},"end":{"line":45,"column":16}},"24":{"start":{"line":46,"column":1},"end":{"line":48,"column":2}},"25":{"start":{"line":47,"column":2},"end":{"line":47,"column":46}},"26":{"start":{"line":49,"column":1},"end":{"line":49,"column":24}},"27":{"start":{"line":51,"column":0},"end":{"line":51,"column":32}},"28":{"start":{"line":53,"column":0},"end":{"line":55,"column":1}},"29":{"start":{"line":54,"column":1},"end":{"line":54,"column":32}}},"branchMap":{"1":{"line":15,"type":"cond-expr","locations":[{"start":{"line":15,"column":44},"end":{"line":15,"column":49}},{"start":{"line":15,"column":52},"end":{"line":15,"column":53}}]},"2":{"line":15,"type":"binary-expr","locations":[{"start":{"line":15,"column":63},"end":{"line":15,"column":69}},{"start":{"line":15,"column":73},"end":{"line":15,"column":75}}]},"3":{"line":20,"type":"if","locations":[{"start":{"line":20,"column":1},"end":{"line":20,"column":1}},{"start":{"line":20,"column":1},"end":{"line":20,"column":1}}]},"4":{"line":37,"type":"if","locations":[{"start":{"line":37,"column":1},"end":{"line":37,"column":1}},{"start":{"line":37,"column":1},"end":{"line":37,"column":1}}]},"5":{"line":41,"type":"if","locations":[{"start":{"line":41,"column":1},"end":{"line":41,"column":1}},{"start":{"line":41,"column":1},"end":{"line":41,"column":1}}]}},"code":["'use strict';","","exports.isNumber = isNumber;","","exports.getPropertiesFromObj = function(hashMap) {","\tvar obj = Object.keys(hashMap).map(function(x) {","\t\treturn hashMap[x];","\t});","\treturn obj;","};","","","exports.setValue = function setValue(hashMap, value, labels) {","\tvar hash = hashObject(labels);","\thashMap[hash] = { value: isNumber(value) ? value : 0, labels: labels || {} };","\treturn hashMap;","};","","exports.getLabels = function(labelNames, args) {","\tif(labelNames.length !== args.length) {","\t\tthrow new Error('Invalid number of arguments');","\t}","","\tvar argsAsArray = Array.prototype.slice.call(args);","\treturn labelNames.reduce(function(acc, label, index) {","\t\tacc[label] = argsAsArray[index];","\t\treturn acc;","\t}, {});","};","","","function hashObject(labels) {","\t// We don't actually need a hash here. We just need a string that","\t// is unique for each possible labels object and consistent across","\t// calls with equivalent labels objects.","\tvar keys = Object.keys(labels);","\tif(keys.length === 0) {","\t\treturn '';","\t}","\t// else","\tif(keys.length > 1) {","\t\tkeys = keys.sort();\t\t// need consistency across calls","\t}","","\tvar elems = [];","\tfor(var i = 0; i < keys.length; i++) {","\t\telems.push(keys[i] + ':' + labels[keys[i]]);","\t}","\treturn elems.join(',');","}","exports.hashObject = hashObject;","","function isNumber(obj) {","\treturn !isNaN(parseFloat(obj));","}",""],"l":{"3":1,"5":1,"6":0,"7":0,"9":0,"13":1,"14":27,"15":27,"16":27,"19":1,"20":1,"21":0,"24":1,"25":1,"26":4,"27":4,"32":1,"36":27,"37":27,"38":11,"41":16,"42":1,"45":16,"46":16,"47":19,"49":16,"51":1,"53":1,"54":85}},"/home/travis/build/npmtest/node-npmtest-prom-client/node_modules/prom-client/lib/validation.js":{"path":"/home/travis/build/npmtest/node-npmtest-prom-client/node_modules/prom-client/lib/validation.js","s":{"1":1,"2":20,"3":20,"4":1,"5":20,"6":20,"7":20,"8":7,"9":0,"10":20,"11":1,"12":27,"13":19,"14":0},"b":{"1":[20,16],"2":[0,7],"3":[0,19]},"f":{"1":20,"2":20,"3":7,"4":27,"5":19},"fnMap":{"1":{"name":"(anonymous_1)","line":3,"loc":{"start":{"line":3,"column":29},"end":{"line":3,"column":44}}},"2":{"name":"(anonymous_2)","line":8,"loc":{"start":{"line":8,"column":28},"end":{"line":8,"column":44}}},"3":{"name":"(anonymous_3)","line":11,"loc":{"start":{"line":11,"column":23},"end":{"line":11,"column":38}}},"4":{"name":"validateLabel","line":19,"loc":{"start":{"line":19,"column":24},"end":{"line":19,"column":68}}},"5":{"name":"(anonymous_5)","line":20,"loc":{"start":{"line":20,"column":29},"end":{"line":20,"column":45}}}},"statementMap":{"1":{"start":{"line":3,"column":0},"end":{"line":6,"column":2}},"2":{"start":{"line":4,"column":1},"end":{"line":4,"column":55}},"3":{"start":{"line":5,"column":1},"end":{"line":5,"column":26}},"4":{"start":{"line":8,"column":0},"end":{"line":17,"column":2}},"5":{"start":{"line":9,"column":1},"end":{"line":9,"column":18}},"6":{"start":{"line":10,"column":1},"end":{"line":10,"column":53}},"7":{"start":{"line":11,"column":1},"end":{"line":15,"column":4}},"8":{"start":{"line":12,"column":2},"end":{"line":14,"column":3}},"9":{"start":{"line":13,"column":3},"end":{"line":13,"column":17}},"10":{"start":{"line":16,"column":1},"end":{"line":16,"column":14}},"11":{"start":{"line":19,"column":0},"end":{"line":25,"column":2}},"12":{"start":{"line":20,"column":1},"end":{"line":24,"column":4}},"13":{"start":{"line":21,"column":2},"end":{"line":23,"column":3}},"14":{"start":{"line":22,"column":3},"end":{"line":22,"column":70}}},"branchMap":{"1":{"line":11,"type":"binary-expr","locations":[{"start":{"line":11,"column":2},"end":{"line":11,"column":7}},{"start":{"line":11,"column":11},"end":{"line":11,"column":13}}]},"2":{"line":12,"type":"if","locations":[{"start":{"line":12,"column":2},"end":{"line":12,"column":2}},{"start":
[...]
24,"column":3}}]}},"code":["'use strict';","","var Gauge = require('../gauge');","var fs = require('fs');","","var PROCESS_MAX_FDS = 'process_max_fds';","","module.exports = function() {","\tvar isSet = false;","","\tif(process.platform !== 'linux') {","\t\treturn function() {","\t\t};","\t}","","\tvar fileDescriptorsGauge = new Gauge(PROCESS_MAX_FDS, 'Maximum number of open file descriptors.');","","\treturn function() {","\t\tif(isSet) {","\t\t\treturn;","\t\t}","","\t\tfs.readFile('/proc/sys/fs/file-max', 'utf8', function(err, maxFds) {","\t\t\tif(err) {","\t\t\t\treturn;","\t\t\t}","","\t\t\tisSet = true;","","\t\t\tfileDescriptorsGauge.set(null, Number(maxFds));","\t\t});","\t};","};","","module.exports.metricNames = [PROCESS_MAX_FDS];",""],"l":{"3":1,"4":1,"6":1,"8":1,"9":1,"11":1,"12":0,"16":1,"18":1,"19":1,"20":0,"23":1,"24":1,"25":0,"28":1,"30":1,"35":1}},"/home/travis/build/npmtest/node-npmtest-prom-client/node_modules/prom-client/lib/metrics/eventLoopLag.js":{"path":"/home/travis/build/npmtest/node-npmtest-prom-client/node_modules/prom-client/lib/metrics/eventLoopLag.js","s":{"1":1,"2":1,"3":1,"4":0,"5":0,"6":0,"7":0,"8":1,"9":1,"10":1,"11":1,"12":1,"13":1},"b":{},"f":{"1":0,"2":1,"3":1},"fnMap":{"1":{"name":"reportEventloopLag","line":7,"loc":{"start":{"line":7,"column":0},"end":{"line":7,"column":42}}},"2":{"name":"(anonymous_2)","line":15,"loc":{"start":{"line":15,"column":17},"end":{"line":15,"column":28}}},"3":{"name":"(anonymous_3)","line":18,"loc":{"start":{"line":18,"column":8},"end":{"line":18,"column":19}}}},"statementMap":{"1":{"start":{"line":3,"column":0},"end":{"line":3,"column":32}},"2":{"start":{"line":5,"column":0},"end":{"line":5,"column":58}},"3":{"start":{"line":7,"column":0},"end":{"line":13,"column":1}},"4":{"start":{"line":8,"column":1},"end":{"line":8,"column":35}},"5":{"start":{"line":9,"column":1},"end":{"line":9,"column":41}},"6":{"start":{"line":10,"column":1},"end":{"line":10,"column":29}},"7":{"start":{"line":12,"column":1},"end":{"line":12,"column":20}},"8":{"start":{"line":15,"column":0},"end":{"line":22,"column":2}},"9":{"start":{"line":16,"column":1},"end":{"line":16,"column":78}},"10":{"start":{"line":18,"column":1},"end":{"line":21,"column":3}},"11":{"start":{"line":19,"column":2},"end":{"line":19,"column":31}},"12":{"start":{"line":20,"column":2},"end":{"line":20,"column":49}},"13":{"start":{"line":24,"column":0},"end":{"line":24,"column":52}}},"branchMap":{},"code":["'use strict';","","var Gauge = require('../gauge');","","var NODEJS_EVENTLOOP_LAG = 'nodejs_eventloop_lag_seconds';","","function reportEventloopLag(start, gauge) {","\tvar delta = process.hrtime(start);","\tvar nanosec = delta[0] * 1e9 + delta[1];","\tvar seconds = nanosec / 1e9;","","\tgauge.set(seconds);","}","","module.exports = function() {","\tvar gauge = new Gauge(NODEJS_EVENTLOOP_LAG, 'Lag of event loop in seconds.');","","\treturn function() {","\t\tvar start = process.hrtime();","\t\tsetImmediate(reportEventloopLag, start, gauge);","\t};","};","","module.exports.metricNames = [NODEJS_EVENTLOOP_LAG];",""],"l":{"3":1,"5":1,"7":1,"8":0,"9":0,"10":0,"12":0,"15":1,"16":1,"18":1,"19":1,"20":1,"24":1}},"/home/travis/build/npmtest/node-npmtest-prom-client/node_modules/prom-client/lib/metrics/processHandles.js":{"path":"/home/travis/build/npmtest/node-npmtest-prom-client/node_modules/prom-client/lib/metrics/processHandles.js","s":{"1":1,"2":1,"3":1,"4":1,"5":0,"6":1,"7":1,"8":1,"9":1},"b":{"1":[0,1]},"f":{"1":1,"2":0,"3":1},"fnMap":{"1":{"name":"(anonymous_1)","line":7,"loc":{"start":{"line":7,"column":17},"end":{"line":7,"column":28}}},"2":{"name":"(anonymous_2)","line":10,"loc":{"start":{"line":10,"column":9},"end":{"line":10,"column":20}}},"3":{"name":"(anonymous_3)","line":16,"loc":{"start":{"line":16,"column":8},"end":{"line":16,"column":19}}}},"statementMap":{"1":{"start":{"line":3,"column":0},"end":{"line":3,"column":32}},"2":{"start":{"line":5,"column":0},"end":{"line":5,"column":58}},"3":{"start":{"line":7,"column":0},"end":{"line":19,"column":2}},"4":{"start":{"line":9,"column":1},"end":{"line":12,"column":2}},"5":{"start":{"line":10,"column":2},"end":{"line":11,"column":4}},"6":{"start":{"line":14,"column":1},"end":{"line":14,"column":75}},"7":{"start":{"line":16,"column":1},"end":{"line":18,"column":3}},"8":{"start":{"line":17,"column":2},"end":{"line":17,"column":48}},"9":{"start":{"line":21,"column":0},"end":{"line":21,"column":53}}},"branchMap":{"1":{"line":9,"type":"if","locations":[{"start":{"line":9,"column":1},"end":{"line":9,"column":1}},{"start":{"line":9,"column":1},"end":{"line":9,"column":1}}]}},"code":["'use strict';","","var Gauge = require('../gauge');","","var NODEJS_ACTIVE_HANDLES = 'nodejs_active_handles_total';","","module.exports = function() {","\t// Don't do anything if the function is removed in later nodes (exists in node@6)","\tif(typeof process._getActiveHandles !== 'function') {","\t\treturn function() {","\t\t};","\t}","","\tvar gauge = new Gauge(NODEJS_ACTIVE_HANDLES, 'Number of active handles.');","","\treturn function() {","\t\tgauge.set(process._getActiveHandles().length);","\t};","};","","module.exports.metricNames = [NODEJS_ACTIVE_HANDLES];",""],"l":{"3":1,"5":1,"7":1,"9":1,"10":0,"14":1,"16":1,"17":1,"21":1}},"/home/travis/build/npmtest/node-npmtest-prom-client/node_modules/prom-client/lib/metrics/processRequests.js":{"path":"/home/travis/build/npmtest/node-npmtest-prom-client/node_modules/prom-client/lib/metrics/processRequests.js","s":{"1":1,"2":1,"3":1,"4":1,"5":0,"6":1,"7":1,"8":1,"9":1},"b":{"1":[0,1]},"f":{"1":1,"2":0,"3":1},"fnMap":{"1":{"name":"(anonymous_1)","line":7,"loc":{"start":{"line":7,"column":17},"end":{"line":7,"column":28}}},"2":{"name":"(anonymous_2)","line":10,"loc":{"start":{"line":10,"column":9},"end":{"line":10,"column":20}}},"3":{"name":"(anonymous_3)","line":16,"loc":{"start":{"line":16,"column":8},"end":{"line":16,"column":19}}}},"statementMap":{"1":{"start":{"line":3,"column":0},"end":{"line":3,"column":32}},"2":{"start":{"line":5,"column":0},"end":{"line":5,"column":60}},"3":{"start":{"line":7,"column":0},"end":{"line":19,"column":2}},"4":{"start":{"line":9,"column":1},"end":{"line":12,"column":2}},"5":{"start":{"line":10,"column":2},"end":{"line":11,"column":4}},"6":{"start":{"line":14,"column":1},"end":{"line":14,"column":77}},"7":{"start":{"line":16,"column":1},"end":{"line":18,"column":3}},"8":{"start":{"line":17,"column":2},"end":{"line":17,"column":49}},"9":{"start":{"line":21,"column":0},"end":{"line":21,"column":54}}},"branchMap":{"1":{"line":9,"type":"if","locations":[{"start":{"line":9,"column":1},"end":{"line":9,"column":1}},{"start":{"line":9,"column":1},"end":{"line":9,"column":1}}]}},"code":["'use strict';","","var Gauge = require('../gauge');","","var NODEJS_ACTIVE_REQUESTS = 'nodejs_active_requests_total';","","module.exports = function() {","\t// Don't do anything if the function is removed in later nodes (exists in node@6)","\tif(typeof process._getActiveRequests !== 'function') {","\t\treturn function() {","\t\t};","\t}","","\tvar gauge = new Gauge(NODEJS_ACTIVE_REQUESTS, 'Number of active requests.');","","\treturn function() {","\t\tgauge.set(process._getActiveRequests().length);","\t};","};","","module.exports.metricNames = [NODEJS_ACTIVE_REQUESTS];",""],"l":{"3":1,"5":1,"7":1,"9":1,"10":0,"14":1,"16":1,"17":1,"21":1}},"/home/travis/build/npmtest/node-npmtest-prom-client/node_modules/prom-client/lib/metrics/heapSizeAndUsed.js":{"path":"/home/travis/build/npmtest/node-npmtest-prom-client/node_modules/prom-client/lib/metrics/heapSizeAndUsed.js","s":{"1":1,"2":1,"3":1,"4":1,"5":1,"6":1,"7":1,"8":0,"9":1,"10":1,"11":1,"12":1,"13":1,"14":1,"15":1,"16":1,"17":1,"18":1,"19":1,"20":1,"21":1,"22":1},"b":{"1":[0,1],"2":[1,0],"3":[1,1],"4":[1,0],"5":[1,0],"6":[1,1]},"f":{"1":1,"2":0,"3":1},"fnMap":{"1":{"name":"(anonymous_1)","line":10,"loc":{"start":{"line":10,"column":17},"end":{"line":10,"column":28}}},"2":{"name":"(anonymous_2)","line":12,"loc":{"start":{"line":12,"column":9},"end":{"line":12,"column":20}}},"3":{"name":"(anonymous_3)","line":24,"loc":{"start":{"line":24,"column":8},"end":{"line":24,"column":19}}}},"statementMap":{"1":{"start":{"line":3,"column":0},"end":{"line":3,"column":32}},"2":{"start":{"line":4,"column":0},"end":{"line":4,"column":59}},"3":{"start":{"line":6,"column":0},"end":{"line":6,"column":60}},"4":{"start":{"line":7,"column":0},"end":{"line":7,"column":58}},"5":{"start":{"line":8,"column":0},"end":{"line":8,"column":60}},"6":{"start":{"line":10,"column":0},"end":{"line":37,"column":2}},"7":{"start":{"line":11,"column":1},"end":{"line":14,"column":2}},"8":{"start":{"line":12,"column":2},"end":{"line":13,"column":4}},"9":{"start":{"line":16,"column":1},"end":{"line":16,"column":99}},"10":{"start":{"line":17,"column":1},"end":{"line":17,"column":102}},"11":{"start":{"line":19,"column":1},"end":{"line":19,"column":31}},"12":{"start":{"line":20,"column":1},"end":{"line":22,"column":2}},"13":{"start":{"line":21,"column":2},"end":{"line":21,"column":99}},"14":{"start":{"line":24,"column":1},"end":{"line":36,"column":3}},"15":{"start":{"line":26,"column":2},"end":{"line":26,"column":35}},"16":{"start":{"line":27,"column":2},"end":{"line":33,"column":3}},"17":{"start":{"line":28,"column":3},"end":{"line":28,"column":41}},"18":{"start":{"line":29,"column":3},"end":{"line":29,"column":39}},"19":{"start":{"line":30,"column":3},"end":{"line":32,"column":4}},"20":{"start":{"line":31,"column":4},"end":{"line":31,"column":43}},"21":{"start":{"line":35,"column":2},"end":{"line":35,"column":79}},"22":{"start":{"line":39,"column":0},"end":{"line":39,"column":101}}},"branchMap":{"1":{"line":11,"type":"if","locations":[{"start":{"line":11,"column":1},"end":{"line":11,"column":1}},{"start":{"line":11,"column":1},"end":{"line":11,"column":1}}]},"2":{"line":20,"type":"if","locations":[{"start":{"line":20,"column":1},"end":{"line":20,"column":1}},{"start":{"line":20,"column":1},"end":{"line":20,"column":1}}]},"3":{"line":20,"type":"binary-expr","locations":[{"start":{"line":20,"column":4},"end":{"line":20,"column":9}},{"start":{"line":20,"column":13},"end":{"line":20,"column":27}}]},"4":{"line":27,"type":"if","locations":[{"start":{"line":27,"column":2},"end":{"line":27,"column":2}},{"start":{"line":27,"column":2},"end":{"line":27,"column":2}}]},"5":{"line":30,"type":"if","locations":[{"start":{"line":30,"column":3},"end":{"line":30,"column":3}},{"start":{"line":30,"column":3},"end":{"line":30,"column":3}}]},"6":{"line":30,"type":"binary-expr","locations":[{"start":{"line":30,"column":6},"end":{"line":30,"column":23}},{"start":{"line":30,"column":27},"end":{"line":30,"column":42}}]}},"code":["'use strict';","","var Gauge = require('../gauge');","var safeMemoryUsage = require('./helpers/safeMemoryUsage');","","var NODEJS_HEAP_SIZE_TOTAL = 'nodejs_heap_size_total_bytes';","var NODEJS_HEAP_SIZE_USED = 'nodejs_heap_size_used_bytes';","var NODEJS_EXTERNAL_MEMORY = 'nodejs_external_memory_bytes';","","module.exports = function() {","\tif(typeof process.memoryUsage !== 'function') {","\t\treturn function() {","\t\t};","\t}","","\tvar heapSizeTotal = new Gauge(NODEJS_HEAP_SIZE_TOTAL, 'Process heap size from node.js in bytes.');","\tvar heapSizeUsed = new Gauge(NODEJS_HEAP_SIZE_USED, 'Process heap size used from node.js in bytes.');","","\tvar usage = safeMemoryUsage();","\tif(usage && usage.external) {","\t\tvar externalMemUsed = new Gauge(NODEJS_EXTERNAL_MEMORY, 'Nodejs external memory size in bytes.');","\t}","","\treturn function() {","    // process.memoryUsage() can throw EMFILE errors, see #67","\t\tvar memUsage = safeMemoryUsage();","\t\tif(memUsage) {","\t\t\theapSizeTotal.set(memUsage.heapTotal);","\t\t\theapSizeUsed.set(memUsage.heapUsed);","\t\t\tif(memUsage.external && externalMemUsed) {","\t\t\t\texternalMemUsed.set(memUsage.external);","\t\t\t}","\t\t}","","\t\treturn {total: heapSizeTotal, used: heapSizeUsed, external: externalMemUsed};","\t};","};","","module.exports.metricNames = [NODEJS_HEAP_SIZE_TOTAL, NODEJS_HEAP_SIZE_USED, NODEJS_EXTERNAL_MEMORY];",""],"l":{"3":1,"4":1,"6":1,"7":1,"8":1,"10":1,"11":1,"12":0,"16":1,"17":1,"19":1,"20":1,"21":1,"24":1,"26":1,"27":1,"28":1,"29":1,"30":1,"31":1,"35":1,"39":1}},"/home/travis/build/npmtest/node-npmtest-prom-client/node_modules/prom-client/lib/metrics/heapSpacesSizeAndUsed.js":{"path":"/home/travis/build/npmtest/node-npmtest-prom-client/node_modules/prom-client/lib/metrics/heapSpacesSizeAndUsed.js","s":{"1":1,"2":1,"3":1,"4":1,"5":1,"6":1,"7":1,"8":3,"9":1,"10":1,"11":0,"12":1,"13":1,"14":3,"15":1,"16":1,"17":1,"18":5,"19":5,"20":5,"21":5,"22":5,"23":5,"24":5,"25":1,"26":1,"27":3},"b":{"1":[0,1],"2":[1,1]},"f":{"1":3,"2":1,"3":0,"4":3,"5":1,"6":5,"7":3},"fnMap":{"1":{"name":"(anonymous_1)","line":21,"loc":{"start":{"line":21,"column":16},"end":{"line":21,"column":37}}},"2":{"name":"(anonymous_2)","line":26,"loc":{"start":{"line":26,"column":17},"end":{"line":26,"column":28}}},"3":{"name":"(anonymous_3)","line":28,"loc":{"start":{"line":28,"column":9},"end":{"line":28,"column":20}}},"4":{"name":"(anonymous_4)","line":34,"loc":{"start":{"line":34,"column":17},"end":{"line":34,"column":38}}},"5":{"name":"(anonymous_5)","line":42,"loc":{"start":{"line":42,"column":8},"end":{"line":42,"column":19}}},"6":{"name":"onEachSpace","line":49,"loc":{"start":{"line":49,"column":38},"end":{"line":49,"column":66}}},"7":{"name":"(anonymous_7)","line":65,"loc":{"start":{"line":65,"column":41},"end":{"line":65,"column":62}}}},"statementMap":{"1":{"start":{"line":3,"column":0},"end":{"line":3,"column":32}},"2":{"start":{"line":4,"column":0},"end":{"line":4,"column":7}},"3":{"start":{"line":6,"column":0},"end":{"line":11,"column":1}},"4":{"start":{"line":7,"column":1},"end":{"line":7,"column":20}},"5":{"start":{"line":13,"column":0},"end":{"line":17,"column":2}},"6":{"start":{"line":19,"column":0},"end":{"line":19,"column":26}},"7":{"start":{"line":21,"column":0},"end":{"line":23,"column":3}},"8":{"start":{"line":22,"column":1},"end":{"line":22,"column":82}},"9":{"start":{"line":26,"column":0},"end":{"line":63,"column":2}},"10":{"start":{"line":27,"column":1},"end":{"line":30,"column":2}},"11":{"start":{"line":28,"column":2},"end":{"line":29,"column":4}},"12":{"start":{"line":32,"column":1},"end":{"line":32,"column":17}},"13":{"start":{"line":34,"column":1},"end":{"line":40,"column":4}},"14":{"start":{"line":35,"column":2},"end":{"line":39,"column":6}},"15":{"start":{"line":42,"column":1},"end":{"line":62,"column":3}},"16":{"start":{"line":43,"column":2},"end":{"line":47,"column":4}},"17":{"start":{"line":49,"column":2},"end":{"line":59,"column":5}},"18":{"start":{"line":50,"column":3},"end":{"line":50,"column":82}},"19":{"start":{"line":52,"column":3},"end":{"line":52,"column":44}},"20":{"start":{"line":53,"column":3},"end":{"line":53,"column":48}},"21":{"start":{"line":54,"column":3},"end":{"line":54,"column":58}},"22":{"start":{"line":56,"column":3},"end":{"line":56,"column":58}},"23":{"start":{"line":57,"column":3},"end":{"line":57,"column":62}},"24":{"start":{"line":58,"column":3},"end":{"line":58,"column":72}},"25":{"start":{"line":61,"column":2},"end":{"line":61,"column":14}},"26":{"start":{"line":65,"column":0},"end":{"line":67,"column":3}},"27":{"start":{"line":66,"column":1},"end":{"line":66,"column":37}}},"branchMap":{"1":{"line":27,"type":"if","locations":[{"start":{"line":27,"column":1},"end":{"line":27,"column":1}},{"start":{"line":27,"column":1},"end":{"line":27,"column":1}}]},"2":{"line":27,"type":"binary-expr","locations":[{"start":{"line":27,"column":4},"end":{"line":27,"column":29}},{"start":{"line":27,"column":33},"end":{"line":27,"column":80}}]}},"code":["'use strict';","","var Gauge = require('../gauge');","var v8;","","try {","\tv8 = require('v8');","} catch (e) {","  // node version is too old","  // probably we can use v8-heap-space-statistics for >=node-4.0.0 and <node-6.0.0","}","","var METRICS = [","\t'total',","\t'used',","\t'available'","];","","var NODEJS_HEAP_SIZE = {};","","METRICS.forEach(function(metricType) {","\tNODEJS_HEAP_SIZE[metricType] = 'nodejs_heap_space_size_' + metricType + '_bytes';","});","","","module.exports = function() {","\tif(typeof v8 === 'undefined' || typeof v8.getHeapSpaceStatistics !== 'function') {","\t\treturn function() {","\t\t};","\t}","","\tvar gauges = {};","","\tMETRICS.forEach(function(metricType) {","\t\tgauges[metricType] = new Gauge(","      NODEJS_HEAP_SIZE[metricType],","      'Process heap space size ' + metricType + ' from node.js in bytes.',","      ['space']","    );","\t});","","\treturn function() {","\t\tvar data = {","\t\t\ttotal: {},","\t\t\tused: {},","\t\t\tavailable: {}","\t\t};","","\t\tv8.getHeapSpaceStatistics().forEach(function onEachSpace(space) {","\t\t\tvar spaceName = space.space_name.substr(0, space.space_name.indexOf('_space'));","","\t\t\tdata.total[spaceName] = space.space_size;","\t\t\tdata.used[spaceName] = space.space_used_size;","\t\t\tdata.available[spaceName] = space.space_available_size;","","\t\t\tgauges.total.set({space: spaceName}, space.space_size);","\t\t\tgauges.used.set({space: spaceName}, space.space_used_size);","\t\t\tgauges.available.set({space: spaceName}, space.space_available_size);","\t\t});","","\t\treturn data;","\t};","};","","module.exports.metricNames = METRICS.map(function(metricType) {","\treturn NODEJS_HEAP_SIZE[metricType];","});",""],"l":{"3":1,"4":1,"6":1,"7":1,"13":1,"19":1,"21":1,"22":3,"26":1,"27":1,"28":0,"32":1,"34":1,"35":3,"42":1,"43":1,"49":1,"50":5,"52":5,"53":5,"54":5,"56":5,"57":5,"58":5,"61":1,"65":1,"66":3}},"/home/travis/build/npmtest/node-npmtest-prom-client/node_modules/prom-client/lib/metrics/version.js":{"path":"/home/travis/build/npmtest/node-npmtest-prom-client/node_modules/prom-client/lib/metrics/version.js","s":{"1":1,"2":1,"3":1,"4":1,"5":1,"6":1,"7":1,"8":1,"9":1,"10":0,"11":1,"12":1,"13":1},"b":{"1":[0,1]},"f":{"1":1,"2":1},"fnMap":{"1":{"name":"(anonymous_1)","line":9,"loc":{"start":{"line":9,"column":17},"end":{"line":9,"column":28}}},"2":{"name":"(anonymous_2)","line":13,"loc":{"start":{"line":13,"column":8},"end":{"line":13,"column":19}}}},"statementMap":{"1":{"start":{"line":3,"column":0},"end":{"line":3,"column":32}},"2":{"start":{"line":4,"column":0},"end":{"line":4,"column":30}},"3":{"start":{"line":5,"column":0},"end":{"line":5,"column":62}},"4":{"start":{"line":7,"column":0},"end":{"line":7,"column":46}},"5":{"start":{"line":9,"column":0},"end":{"line":20,"column":2}},"6":{"start":{"line":10,"column":1},"end":{"line":10,"column":118}},"7":{"start":{"line":11,"column":1},"end":{"line":11,"column":19}},"8":{"start":{"line":13,"column":1},"end":{"line":19,"column":3}},"9":{"start":{"line":14,"column":2},"end":{"line":16,"column":3}},"10":{"start":{"line":15,"column":3},"end":{"line":15,"column":10}},"11":{"start":{"line":17,"column":2},"end":{"line":17,"column":102}},"12":{"start":{"line":18,"column":2},"end":{"line":18,"column":15}},"13":{"start":{"line":22,"column":0},"end":{"line":22,"column":49}}},"branchMap":{"1":{"line":14,"type":"if","locations":[{"start":{"line":14,"column":2},"end":{"line":14,"column":2}},{"start":{"line":14,"column":2},"end":{"line":14,"column":2}}]}},"code":["'use strict';","","var Gauge = require('../gauge');","var version = process.version;","var versionSegments = version.slice(1).split('.').map(Number);","","var NODE_VERSION_INFO = 'nodejs_version_info';","","module.exports = function() {","\tvar nodeVersionGauge = new Gauge(NODE_VERSION_INFO, 'Node.js version info.', ['version', 'major', 'minor', 'patch']);","\tvar isSet = false;","","\treturn function() {","\t\tif(isSet) {","\t\t\treturn;","\t\t}","\t\tnodeVersionGauge.labels(version, versionSegments[0], versionSegments[1], versionSegments[2]).set(1);","\t\tisSet = true;","\t};","};","","module.exports.metricNames = [NODE_VERSION_INFO];",""],"l":{"3":1,"4":1,"5":1,"7":1,"9":1,"10":1,"11":1,"13":1,"14":1,"15":0,"17":1,"18":1,"22":1}}}